INFO  2013-12-30 22:22:26,408 (Saros.java:256) Starting Saros 13.12.6 running:
  Java Version: 1.7.0_25
  Java Vendor: Oracle Corporation
  Eclipse Runtime Version: 3.8.0.v20120912-155025
  Operating System: Windows 8 (6.2)
  Hardware Architecture: amd64
INFO  2013-12-30 22:22:26,480 (XMPPAccountStore.java:103) loaded 1 accounts
INFO  2013-12-30 22:22:26,516 (PreferenceInitializer.java:53) initializing preference default values
DEBUG 2013-12-30 22:22:26,523 (DataTransferManager.java:444) used transport order for the current XMPP connection: [de.fu_berlin.inf.dpp.net.internal.Socks5Transport@6b9cff3, de.fu_berlin.inf.dpp.net.internal.IBBTransport@11035df8]
DEBUG 2013-12-30 22:22:26,555 (StreamServiceManager.java:225) StreamServices added:
  SendFile
  AudioService
  VideoSharing
DEBUG 2013-12-30 22:22:26,605 (SarosAnnotation.java:112) resetting annotation colors
WARN  2013-12-30 22:22:26,939 (NullSarosSession.java:64) unexpected method call
WARN  2013-12-30 22:22:27,089 (NullSarosSession.java:64) unexpected method call
DEBUG 2013-12-30 22:22:32,912 (WhiteboardManager.java:108) WhiteboardManager instantiated
DEBUG 2013-12-30 22:22:33,125 (DocumentRecord.java:93) Added Node: attr(138846735311133341) name=svg
DEBUG 2013-12-30 22:22:34,007 (SarosNet.java:423) started Socks5 proxy on port: 7777 [listening on all interfaces]
DEBUG 2013-12-30 22:22:34,171 (SarosNet.java:433) found interface addresses: [192.168.1.107, fe80:0:0:0:10ee:4719:9106:d364%13, 2001:0:9d38:6ab8:86f:3260:94fd:51e7, fe80:0:0:0:86f:3260:94fd:51e7%16]
DEBUG 2013-12-30 22:22:34,208 (SarosNet.java:383)  new connection state == CONNECTING
DEBUG 2013-12-30 22:22:42,201 (SarosNet.java:383) argixx@saros-con.imp.fu-berlin.de/Saros new connection state == CONNECTED
DEBUG 2013-12-30 22:22:42,201 (DataTransferManager.java:444) used transport order for the current XMPP connection: [de.fu_berlin.inf.dpp.net.internal.Socks5Transport@6b9cff3, de.fu_berlin.inf.dpp.net.internal.IBBTransport@11035df8]
DEBUG 2013-12-30 22:22:42,203 (SkypeManager.java:286) Refreshing Skype username cache...
WARN  2013-12-30 22:22:44,518 (StunServiceImpl.java:420) received no response from STUN server stunserver.org/132.177.123.6:3478 at local address /192.168.1.107:0
DEBUG 2013-12-30 22:23:26,124 (SharedDocumentProvider.java:79) SharedDocumentProvider created by Eclipse
WARN  2013-12-30 22:57:15,262 (NullSarosSession.java:64) unexpected method call
WARN  2013-12-30 22:57:15,401 (NullSarosSession.java:64) unexpected method call
DEBUG 2013-12-30 22:57:15,702 (SarosNet.java:383) argixx@saros-con.imp.fu-berlin.de/Saros new connection state == DISCONNECTING
DEBUG 2013-12-30 22:57:15,854 (SarosNet.java:383)  new connection state == NOT_CONNECTED
DEBUG 2013-12-30 22:57:15,855 (UPnPServiceImpl.java:295) deleting existing port mappings
