INFO  2013-12-29 01:21:12,668 (Saros.java:256) Starting Saros 13.12.6 running:
  Java Version: 1.7.0_25
  Java Vendor: Oracle Corporation
  Eclipse Runtime Version: 3.8.0.v20120912-155025
  Operating System: Windows 8 (6.2)
  Hardware Architecture: amd64
INFO  2013-12-29 01:21:12,684 (XMPPAccountStore.java:103) loaded 0 accounts
INFO  2013-12-29 01:21:12,704 (PreferenceInitializer.java:53) initializing preference default values
DEBUG 2013-12-29 01:21:12,709 (DataTransferManager.java:444) used transport order for the current XMPP connection: [de.fu_berlin.inf.dpp.net.internal.Socks5Transport@1d3cff1c, de.fu_berlin.inf.dpp.net.internal.IBBTransport@f909643]
DEBUG 2013-12-29 01:21:12,733 (StreamServiceManager.java:225) StreamServices added:
  SendFile
  AudioService
  VideoSharing
DEBUG 2013-12-29 01:21:12,773 (SarosAnnotation.java:112) resetting annotation colors
DEBUG 2013-12-29 01:21:12,818 (Saros.java:296) autogenerated favorite color id is: 0
WARN  2013-12-29 01:21:12,929 (NullSarosSession.java:64) unexpected method call
WARN  2013-12-29 01:21:12,933 (NullSarosSession.java:64) unexpected method call
DEBUG 2013-12-29 01:21:14,785 (SharedDocumentProvider.java:79) SharedDocumentProvider created by Eclipse
DEBUG 2013-12-29 01:21:16,391 (WhiteboardManager.java:108) WhiteboardManager instantiated
DEBUG 2013-12-29 01:21:16,403 (DocumentRecord.java:93) Added Node: attr(138830527640069375) name=svg
DEBUG 2013-12-29 01:21:57,608 (CreateXMPPAccountWizard.java:129) Account creation succeeded: username=Argixx, server=saros-con.imp.fu-berlin.de
INFO  2013-12-29 01:21:57,641 (XMPPAccountStore.java:161) saved 1 accounts
DEBUG 2013-12-29 01:22:06,984 (UPnPServiceImpl.java:225) performing gateways discovery
INFO  2013-12-29 01:22:07,202 (UPnPServiceImpl.java:237) discovered 1 gateway(s)
INFO  2013-12-29 01:22:40,474 (XMPPAccountStore.java:161) saved 1 accounts
DEBUG 2013-12-29 01:22:40,479 (SarosNet.java:423) started Socks5 proxy on port: 7777 [listening on all interfaces]
DEBUG 2013-12-29 01:22:40,644 (SarosNet.java:433) found interface addresses: [192.168.1.107, fe80:0:0:0:10ee:4719:9106:d364%13, 2001:0:9d38:6ab8:20df:3260:94fd:51e7, fe80:0:0:0:20df:3260:94fd:51e7%16]
DEBUG 2013-12-29 01:22:40,646 (SarosNet.java:383)  new connection state == CONNECTING
DEBUG 2013-12-29 01:22:42,996 (SarosNet.java:383) argixx@saros-con.imp.fu-berlin.de/Saros new connection state == CONNECTED
DEBUG 2013-12-29 01:22:42,997 (DataTransferManager.java:444) used transport order for the current XMPP connection: [de.fu_berlin.inf.dpp.net.internal.Socks5Transport@1d3cff1c, de.fu_berlin.inf.dpp.net.internal.IBBTransport@f909643]
DEBUG 2013-12-29 01:22:43,002 (SkypeManager.java:286) Refreshing Skype username cache...
INFO  2013-12-29 01:22:43,172 (SingleUserChatService.java:84) chat created between argixx@saros-con.imp.fu-berlin.de/Saros <->saros-con.imp.fu-berlin.de, created local: false
WARN  2013-12-29 01:22:50,979 (StunServiceImpl.java:420) received no response from STUN server stunserver.org/132.177.123.6:3478 at local address /192.168.1.107:0
DEBUG 2013-12-29 01:36:00,550 (SubscriptionManager.java:101) contact subscribed to us: jestah@saros-con.imp.fu-berlin.de
DEBUG 2013-12-29 01:36:00,826 (SubscriptionManager.java:109) contact requests to subscribe to us: jestah@saros-con.imp.fu-berlin.de
DEBUG 2013-12-29 01:36:01,001 (DiscoveryManager.java:381) Inserted DiscoveryInfo into Cache for: jestah@saros-con.imp.fu-berlin.de/Saros
DEBUG 2013-12-29 01:36:02,679 (DiscoveryManager.java:98) clearing cache entry of contact jestah@saros-con.imp.fu-berlin.de/Saros: <query xmlns="http://jabber.org/protocol/disco#info"><identity category="client" name="Smack" type="pc"/><feature var="http://jabber.org/protocol/commands"/><feature var="http://jabber.org/protocol/muc"/><feature var="http://jabber.org/protocol/xhtml-im"/><feature var="de.fu_berlin.inf.dpp"/><feature var="http://jabber.org/protocol/disco#items"/><feature var="jabber:iq:last"/><feature var="http://jabber.org/protocol/chatstates"/><feature var="urn:xmpp:ping"/><feature var="http://jabber.org/protocol/bytestreams"/><feature var="http://jabber.org/protocol/disco#info"/></query>
DEBUG 2013-12-29 01:36:03,029 (DiscoveryManager.java:381) Inserted DiscoveryInfo into Cache for: jestah@saros-con.imp.fu-berlin.de/Saros
INFO  2013-12-29 01:36:24,381 (StatisticManager.java:185) Current feedback settings:
  Feedback disabled: false
  Feedback interval: 5
  Statistic submission allowed: false
  Pseudonym submission allowed: false
INFO  2013-12-29 01:36:24,390 (ErrorLogManager.java:259) Current error log settings:
  Error log submission allowed: false
  Full Error log submission allowed: false
DEBUG 2013-12-29 01:36:24,395 (WhiteboardManager.java:55) Session Started, set Color: RGB {141, 206, 231}
DEBUG 2013-12-29 01:36:24,397 (ColorUtils.java:21) set foregroundcolor RGB {141, 206, 231}
INFO  2013-12-29 01:36:24,638 (StatisticManager.java:164) Session count: 1
INFO  2013-12-29 01:36:24,639 (ParticipantCollector.java:138) Session started: Current number of participants: 1
DEBUG 2013-12-29 01:36:24,641 (ActivityHandler.java:104) activity dispatcher started
DEBUG 2013-12-29 01:36:24,686 (SXEController.java:120) SXE (4091): initialize session at inviter side
DEBUG 2013-12-29 01:36:24,689 (ConsistencyAction.java:168) Inconsistency indicator goes: off
DEBUG 2013-12-29 01:36:24,698 (SarosProjectMapper.java:193) added project P/Minecraft with ID 1394406246 [completely shared:true]
DEBUG 2013-12-29 01:36:24,699 (SharedProjectDecorator.java:98) updating project decoration for all shared projects
INFO  2013-12-29 01:36:24,700 (SarosSessionManager.java:264) session started
DEBUG 2013-12-29 01:36:24,953 (OutgoingSessionNegotiation.java:123) OSN [remote side: jestah@saros-con.imp.fu-berlin.de] : starting invitation
DEBUG 2013-12-29 01:36:24,954 (OutgoingSessionNegotiation.java:230) OSN [remote side: jestah@saros-con.imp.fu-berlin.de] : checking Saros support
DEBUG 2013-12-29 01:36:24,955 (OutgoingSessionNegotiation.java:242) OSN [remote side: jestah@saros-con.imp.fu-berlin.de] :  remote contact offers Saros support
DEBUG 2013-12-29 01:36:24,956 (OutgoingSessionNegotiation.java:259) OSN [remote side: jestah@saros-con.imp.fu-berlin.de/Saros] : checking version compatibility
DEBUG 2013-12-29 01:36:24,985 (MultiUserChatService.java:122) Joining MUC...
DEBUG 2013-12-29 01:36:24,988 (MultiUserChat.java:266) Trying to create room on server conference.saros-con.imp.fu-berlin.de
DEBUG 2013-12-29 01:36:25,314 (OutgoingSessionNegotiation.java:289) OSN [remote side: jestah@saros-con.imp.fu-berlin.de/Saros] : Saros versions are compatible
DEBUG 2013-12-29 01:36:25,314 (OutgoingSessionNegotiation.java:303) OSN [remote side: jestah@saros-con.imp.fu-berlin.de/Saros] : sending invitation
DEBUG 2013-12-29 01:36:25,315 (OutgoingSessionNegotiation.java:329) OSN [remote side: jestah@saros-con.imp.fu-berlin.de/Saros] : waiting for invitation acknowledgement
DEBUG 2013-12-29 01:36:25,339 (MultiUserChat.java:312) Configuring room
DEBUG 2013-12-29 01:36:25,664 (OutgoingSessionNegotiation.java:340) OSN [remote side: jestah@saros-con.imp.fu-berlin.de/Saros] : invitation acknowledged
DEBUG 2013-12-29 01:36:25,664 (OutgoingSessionNegotiation.java:349) OSN [remote side: jestah@saros-con.imp.fu-berlin.de/Saros] : waiting for peer to accept the invitation
DEBUG 2013-12-29 01:36:25,907 (MultiUserChat.java:299) MUC created and joined. Server: conference.saros-con.imp.fu-berlin.de Room: SAROS523118515 Password 342116545
DEBUG 2013-12-29 01:36:26,072 (MultiUserChat.java:136) processPacket called
DEBUG 2013-12-29 01:36:26,074 (MUCStateManager.java:101) Incoming Message from saros523118515@conference.saros-con.imp.fu-berlin.de/argixx@saros-con.imp.fu-berlin.de/Saros with state: active
DEBUG 2013-12-29 01:36:26,075 (MultiUserChat.java:82) stateChanged fired with state: active
DEBUG 2013-12-29 01:36:32,552 (OutgoingSessionNegotiation.java:360) OSN [remote side: jestah@saros-con.imp.fu-berlin.de/Saros] : invitation accepted
DEBUG 2013-12-29 01:36:32,552 (OutgoingSessionNegotiation.java:370) OSN [remote side: jestah@saros-con.imp.fu-berlin.de/Saros] : waiting for client's session parameters
DEBUG 2013-12-29 01:36:32,553 (OutgoingSessionNegotiation.java:390) OSN [remote side: jestah@saros-con.imp.fu-berlin.de/Saros] : received client's session parameters
DEBUG 2013-12-29 01:36:32,874 (OutgoingSessionNegotiation.java:438) OSN [remote side: jestah@saros-con.imp.fu-berlin.de/Saros] : sending updated session negotiation data
DEBUG 2013-12-29 01:36:32,875 (OutgoingSessionNegotiation.java:445) OSN [remote side: jestah@saros-con.imp.fu-berlin.de/Saros] : sent updated session negotiation data
DEBUG 2013-12-29 01:36:32,875 (OutgoingSessionNegotiation.java:455) OSN [remote side: jestah@saros-con.imp.fu-berlin.de/Saros] : waiting for remote side to start its Saros session
DEBUG 2013-12-29 01:36:33,485 (OutgoingSessionNegotiation.java:466) OSN [remote side: jestah@saros-con.imp.fu-berlin.de/Saros] : remote side started its Saros session
DEBUG 2013-12-29 01:36:33,486 (DataTransferManager.java:387) currently used IP addresses for Socks5Proxy: [192.168.1.107, fe80:0:0:0:10ee:4719:9106:d364%13, 2001:0:9d38:6ab8:20df:3260:94fd:51e7, fe80:0:0:0:20df:3260:94fd:51e7%16]
INFO  2013-12-29 01:36:33,488 (DataTransferManager.java:392) establishing connection to jestah@saros-con.imp.fu-berlin.de from argixx@saros-con.imp.fu-berlin.de/Saros using SOCKS5
DEBUG 2013-12-29 01:36:33,488 (ByteStreamTransport.java:44) establishing bytestream connection to jestah@saros-con.imp.fu-berlin.de/Saros
DEBUG 2013-12-29 01:36:33,489 (Socks5Transport.java:505) [SOCKS5] establishing new connection to jestah@saros-con.imp.fu-berlin.de/Saros with local proxy enabled (Port 7777). 
DEBUG 2013-12-29 01:36:34,061 (MultiUserChat.java:136) processPacket called
DEBUG 2013-12-29 01:36:34,062 (MUCStateManager.java:101) Incoming Message from saros523118515@conference.saros-con.imp.fu-berlin.de/jestah@saros-con.imp.fu-berlin.de/Saros with state: active
DEBUG 2013-12-29 01:36:34,063 (MultiUserChat.java:82) stateChanged fired with state: active
DEBUG 2013-12-29 01:36:36,515 (ByteStreamTransport.java:71) received request to establish a SOCKS5 bytestream connection to jestah@saros-con.imp.fu-berlin.de/Saros
DEBUG 2013-12-29 01:36:36,516 (Socks5Transport.java:325) [SOCKS5] receiving response connection from jestah@saros-con.imp.fu-berlin.de/Saros with local proxy enabled (Port 7777). 
DEBUG 2013-12-29 01:36:44,317 (Socks5Transport.java:533) [SOCKS5] session is mediated. Waiting for peer to connect ...
DEBUG 2013-12-29 01:36:44,318 (Socks5Transport.java:215) [SOCKS5] trying if outgoing session is bidirectional
DEBUG 2013-12-29 01:36:44,674 (Socks5Transport.java:220) [SOCKS5] response connection is mediated, too, but at least the server allows bidirectional connections. (using outgoing session)
DEBUG 2013-12-29 01:36:44,678 (DataTransferManager.java:141) bytestream connection changed SOCKS5 (mediated) [to: jestah@saros-con.imp.fu-berlin.de/Saros|inc: false|id: saros-main-session]
DEBUG 2013-12-29 01:36:44,680 (OutgoingSessionNegotiation.java:481) OSN [remote side: jestah@saros-con.imp.fu-berlin.de/Saros] : synchronizing user list
DEBUG 2013-12-29 01:36:44,680 (BinaryChannelConnection.java:88) SOCKS5 (mediated) [jestah@saros-con.imp.fu-berlin.de/Saros]  ReceiverThread started.
DEBUG 2013-12-29 01:36:44,682 (UserInformationHandler.java:147) synchronizing user list (A)[argixx, jestah], (R) [] with user(s) [jestah]
DEBUG 2013-12-29 01:36:45,388 (UserInformationHandler.java:199) received user list confirmation from: jestah@saros-con.imp.fu-berlin.de/Saros
DEBUG 2013-12-29 01:36:45,389 (UserInformationHandler.java:206) synchronized user list with user(s) [jestah]
DEBUG 2013-12-29 01:36:45,394 (ChangeColorManager.java:254) reassigning color IDs for the current session users
DEBUG 2013-12-29 01:36:45,406 (ChangeColorManager.java:288) color conflict resolve result = NO CONFLICT
DEBUG 2013-12-29 01:36:45,407 (ChangeColorManager.java:347) new color assignment: {argixx=0, jestah=1}
DEBUG 2013-12-29 01:36:45,409 (ChangeColorManager.java:566) updating color id set: [jestah@saros-con.imp.fu-berlin.de/Saros, argixx@saros-con.imp.fu-berlin.de/Saros]
INFO  2013-12-29 01:36:45,421 (ParticipantCollector.java:69) [jestah@saros-con.imp.fu-berlin.de/Saros] joined - session now contains 2 users
DEBUG 2013-12-29 01:36:45,422 (ActivitySequencer.java:529) send (001) [jestah@saros-con.imp.fu-berlin.de/Saros] [ChangeColorActivityDO(source: argixx@saros-con.imp.fu-berlin.de/Saros, affected: argixx@saros-con.imp.fu-berlin.de/Saros, colorID: 0)]
INFO  2013-12-29 01:36:45,423 (SarosSession.java:460) user [jestah@saros-con.imp.fu-berlin.de/Saros]  joined session
DEBUG 2013-12-29 01:36:45,423 (OutgoingSessionNegotiation.java:491) OSN [remote side: jestah@saros-con.imp.fu-berlin.de/Saros] : added [jestah@saros-con.imp.fu-berlin.de/Saros]  to the current session, colorID: 1
DEBUG 2013-12-29 01:36:45,426 (OutgoingSessionNegotiation.java:510) OSN [remote side: jestah@saros-con.imp.fu-berlin.de/Saros] : session negotiation finished
DEBUG 2013-12-29 01:36:45,427 (ActivitySequencer.java:529) send (001) [jestah@saros-con.imp.fu-berlin.de/Saros] [ChangeColorActivityDO(source: argixx@saros-con.imp.fu-berlin.de/Saros, affected: jestah@saros-con.imp.fu-berlin.de/Saros, colorID: 1)]
DEBUG 2013-12-29 01:36:45,428 (SXEOutgoingSynchronizationProcess.java:49) SXE(4091)  send state-offer to jestah@saros-con.imp.fu-berlin.de/Saros
DEBUG 2013-12-29 01:36:45,429 (SarosSXETransmitter.java:149) SXE send state-offer to jestah@saros-con.imp.fu-berlin.de/Saros waiting for [accept-state, refuse-state]
DEBUG 2013-12-29 01:36:45,443 (DataTransferManager.java:387) currently used IP addresses for Socks5Proxy: [192.168.1.107, fe80:0:0:0:10ee:4719:9106:d364%13, 2001:0:9d38:6ab8:20df:3260:94fd:51e7, fe80:0:0:0:20df:3260:94fd:51e7%16]
INFO  2013-12-29 01:36:45,443 (DataTransferManager.java:392) establishing connection to jestah@saros-con.imp.fu-berlin.de from argixx@saros-con.imp.fu-berlin.de/Saros using SOCKS5
DEBUG 2013-12-29 01:36:45,443 (ByteStreamTransport.java:44) establishing bytestream connection to jestah@saros-con.imp.fu-berlin.de/Saros
DEBUG 2013-12-29 01:36:45,444 (Socks5Transport.java:505) [SOCKS5] establishing new connection to jestah@saros-con.imp.fu-berlin.de/Saros with local proxy enabled (Port 7777). 
DEBUG 2013-12-29 01:36:47,598 (ByteStreamTransport.java:71) received request to establish a SOCKS5 bytestream connection to jestah@saros-con.imp.fu-berlin.de/Saros
DEBUG 2013-12-29 01:36:47,599 (Socks5Transport.java:325) [SOCKS5] receiving response connection from jestah@saros-con.imp.fu-berlin.de/Saros with local proxy enabled (Port 7777). 
DEBUG 2013-12-29 01:36:47,872 (Socks5Transport.java:533) [SOCKS5] session is mediated. Waiting for peer to connect ...
DEBUG 2013-12-29 01:36:48,089 (Socks5Transport.java:215) [SOCKS5] trying if outgoing session is bidirectional
DEBUG 2013-12-29 01:36:49,404 (Socks5Transport.java:220) [SOCKS5] response connection is mediated, too, but at least the server allows bidirectional connections. (using outgoing session)
DEBUG 2013-12-29 01:36:49,404 (DataTransferManager.java:141) bytestream connection changed SOCKS5 (mediated) [to: jestah@saros-con.imp.fu-berlin.de/Saros|inc: false|id: default]
DEBUG 2013-12-29 01:36:49,405 (BinaryChannelConnection.java:88) SOCKS5 (mediated) [jestah@saros-con.imp.fu-berlin.de/Saros]  ReceiverThread started.
DEBUG 2013-12-29 01:36:49,907 (SXEOutgoingSynchronizationProcess.java:110) SXE(4091) Whitebaord synchronization cancelled: null
DEBUG 2013-12-29 01:36:49,909 (CancelableProcess.java:321) process OSN [remote side: jestah@saros-con.imp.fu-berlin.de/Saros] exit status: OK
INFO  2013-12-29 01:36:49,924 (ProjectNegotiationObservable.java:61) This is ProjectNegotiation number 1 in this session. There are 0 process(es) in this session
DEBUG 2013-12-29 01:36:59,525 (OutgoingProjectNegotiation.java:198) OPN [remote side: jestah@saros-con.imp.fu-berlin.de/Saros] : sending file list
DEBUG 2013-12-29 01:36:59,774 (OutgoingProjectNegotiation.java:232) OPN [remote side: jestah@saros-con.imp.fu-berlin.de/Saros] : waiting for remote file list
DEBUG 2013-12-29 01:37:45,787 (CancelableProcess.java:154) process OPN [remote side: jestah@saros-con.imp.fu-berlin.de/Saros] was cancelled by the local side, error: none
DEBUG 2013-12-29 01:37:45,788 (CancelableProcess.java:359) process OPN [remote side: jestah@saros-con.imp.fu-berlin.de/Saros] was cancelled manually by the local user
DEBUG 2013-12-29 01:37:45,788 (ProjectNegotiation.java:121) notifying remote contact [jestah@saros-con.imp.fu-berlin.de/Saros]  of the local project negotiation cancellation
DEBUG 2013-12-29 01:37:45,790 (CancelableProcess.java:317) executing cancellation for process OPN [remote side: jestah@saros-con.imp.fu-berlin.de/Saros]
DEBUG 2013-12-29 01:37:45,790 (CancelableProcess.java:321) process OPN [remote side: jestah@saros-con.imp.fu-berlin.de/Saros] exit status: CANCEL
DEBUG 2013-12-29 01:37:46,405 (BinaryChannelConnection.java:98) SOCKS5 (mediated) [jestah@saros-con.imp.fu-berlin.de/Saros]  connection closed remotely:no stream data available
DEBUG 2013-12-29 01:37:46,413 (ChangeColorManager.java:254) reassigning color IDs for the current session users
DEBUG 2013-12-29 01:37:46,416 (ChangeColorManager.java:288) color conflict resolve result = NO CONFLICT
DEBUG 2013-12-29 01:37:46,416 (ChangeColorManager.java:347) new color assignment: {argixx=0}
DEBUG 2013-12-29 01:37:46,418 (ChangeColorManager.java:566) updating color id set: [argixx@saros-con.imp.fu-berlin.de/Saros]
INFO  2013-12-29 01:37:46,421 (ParticipantCollector.java:80) [jestah@saros-con.imp.fu-berlin.de/Saros] left - session now contains 1 users
INFO  2013-12-29 01:37:48,606 (SarosSession.java:559) user [jestah@saros-con.imp.fu-berlin.de/Saros]  left session
DEBUG 2013-12-29 01:37:48,608 (SarosSessionManager.java:332) terminating all running negotiation processes
WARN  2013-12-29 01:37:48,609 (NullSarosSession.java:64) unexpected method call
DEBUG 2013-12-29 01:37:48,609 (SarosSessionManager.java:339) Leave message sent.
WARN  2013-12-29 01:37:48,611 (NullSarosSession.java:64) unexpected method call
DEBUG 2013-12-29 01:37:48,612 (ActivityHandler.java:112) activity dispatcher stopped
WARN  2013-12-29 01:37:48,614 (NullSarosSession.java:64) unexpected method call
DEBUG 2013-12-29 01:37:48,615 (FollowModeCollector.java:177) Processing follow mode changes took 0.0 s
WARN  2013-12-29 01:37:48,616 (NullSarosSession.java:64) unexpected method call
INFO  2013-12-29 01:37:48,618 (FeedbackManager.java:105) Session lasted 1 min 23 s
INFO  2013-12-29 01:37:48,620 (ParticipantCollector.java:149) Session ended: Current number of participants: 1
DEBUG 2013-12-29 01:37:48,625 (StatisticManager.java:330) Session statistic:
  auto.followmode.enabled=false
  data_transfer.SOCKS5 (mediated).average_throughput_kbs=47.9
  data_transfer.SOCKS5 (mediated).number_of_events=14
  data_transfer.SOCKS5 (mediated).total_size_kb=29
  data_transfer.SOCKS5 (mediated).total_time_ms=625
  eclipse.version=3.8.0.v20120912-155025
  feedback.disabled=false
  feedback.survey.interval=5
  followmode.time.percent=0
  followmode.time.total=0.0
  followmode.toggles=0
  gesture.count=0
  java.version=1.7.0_25
  jumped.count=0
  jumped.driver.count=0
  jumped.observer.count=0
  observer.selection.count.witnessed=0
  observer.selection.count=0
  os.name=Windows 8
  random.user.id=2013-12-29_01-37-48_1779704119
  role.1.duration=1.4
  role.1=write_access
  role.changes=0
  role.driver.duration=1.4
  role.driver.percent=100
  role.observer.duration=0.0
  role.observer.percent=0
  saros.version=13.12.6
  session.count=1
  session.id=523118515
  session.local.start=2013-12-29T08:37:48Z
  session.shared.project.complete.count=1
  session.shared.project.partial.count=0
  session.shared.project.partial.files.count=0
  session.time.users.1.percent=27
  session.time.users.1=0.38
  session.time.users.2.percent=73
  session.time.users.2=1.02
  session.time=1.4
  session.users.total=2
  textedits.chars=0
  textedits.count=0
  textedits.nonparallel.chars=0
  textedits.nonparallel.percent=0
  textedits.pastes.chars=0
  textedits.pastes=0
  user.is.host=true
  voip.session.count=0
  voip.time.percent=0
  voip.time.total=0.0
INFO  2013-12-29 01:37:48,626 (StatisticManager.java:244) User does not allow to submit session statistics
DEBUG 2013-12-29 01:37:48,628 (EditorManager.java:1838) Unlock all editors
DEBUG 2013-12-29 01:37:48,630 (SharedProjectDecorator.java:92) clearing project decoration for all shared projects
DEBUG 2013-12-29 01:37:48,644 (MultiUserChatService.java:157) Leaving multi user chat Session Chat.
INFO  2013-12-29 01:37:48,811 (SarosSessionManager.java:353) session stopped
WARN  2013-12-29 01:37:51,408 (NullSarosSession.java:64) unexpected method call
WARN  2013-12-29 01:37:51,411 (NullSarosSession.java:64) unexpected method call
WARN  2013-12-29 01:37:52,580 (NullSarosSession.java:64) unexpected method call
WARN  2013-12-29 01:37:52,583 (NullSarosSession.java:64) unexpected method call
WARN  2013-12-29 01:37:52,644 (NullSarosSession.java:64) unexpected method call
WARN  2013-12-29 01:37:52,647 (NullSarosSession.java:64) unexpected method call
WARN  2013-12-29 01:37:56,739 (NullSarosSession.java:64) unexpected method call
WARN  2013-12-29 01:37:56,742 (NullSarosSession.java:64) unexpected method call
WARN  2013-12-29 01:38:05,067 (NullSarosSession.java:64) unexpected method call
WARN  2013-12-29 01:38:05,070 (NullSarosSession.java:64) unexpected method call
WARN  2013-12-29 01:38:07,116 (NullSarosSession.java:64) unexpected method call
INFO  2013-12-29 01:38:07,118 (StatisticManager.java:185) Current feedback settings:
  Feedback disabled: false
  Feedback interval: 5
  Statistic submission allowed: false
  Pseudonym submission allowed: false
WARN  2013-12-29 01:38:07,119 (NullSarosSession.java:64) unexpected method call
INFO  2013-12-29 01:38:07,122 (ErrorLogManager.java:259) Current error log settings:
  Error log submission allowed: false
  Full Error log submission allowed: false
DEBUG 2013-12-29 01:38:07,124 (WhiteboardManager.java:55) Session Started, set Color: RGB {141, 206, 231}
DEBUG 2013-12-29 01:38:07,124 (ColorUtils.java:21) set foregroundcolor RGB {141, 206, 231}
INFO  2013-12-29 01:38:07,398 (StatisticManager.java:164) Session count: 2
INFO  2013-12-29 01:38:07,399 (ParticipantCollector.java:138) Session started: Current number of participants: 1
DEBUG 2013-12-29 01:38:07,400 (ActivityHandler.java:104) activity dispatcher started
WARN  2013-12-29 01:38:07,409 (NullSarosSession.java:64) unexpected method call
WARN  2013-12-29 01:38:07,413 (NullSarosSession.java:64) unexpected method call
DEBUG 2013-12-29 01:38:07,457 (SXEController.java:120) SXE (1750): initialize session at inviter side
DEBUG 2013-12-29 01:38:07,459 (ConsistencyAction.java:168) Inconsistency indicator goes: off
DEBUG 2013-12-29 01:38:07,472 (SarosProjectMapper.java:193) added project P/Minecraft with ID 636737964 [completely shared:true]
DEBUG 2013-12-29 01:38:07,479 (SharedProjectDecorator.java:98) updating project decoration for all shared projects
INFO  2013-12-29 01:38:07,480 (SarosSessionManager.java:264) session started
DEBUG 2013-12-29 01:38:07,688 (OutgoingSessionNegotiation.java:123) OSN [remote side: jestah@saros-con.imp.fu-berlin.de] : starting invitation
DEBUG 2013-12-29 01:38:07,689 (OutgoingSessionNegotiation.java:230) OSN [remote side: jestah@saros-con.imp.fu-berlin.de] : checking Saros support
DEBUG 2013-12-29 01:38:07,690 (OutgoingSessionNegotiation.java:242) OSN [remote side: jestah@saros-con.imp.fu-berlin.de] :  remote contact offers Saros support
DEBUG 2013-12-29 01:38:07,690 (OutgoingSessionNegotiation.java:259) OSN [remote side: jestah@saros-con.imp.fu-berlin.de/Saros] : checking version compatibility
DEBUG 2013-12-29 01:38:07,721 (MultiUserChatService.java:122) Joining MUC...
DEBUG 2013-12-29 01:38:07,721 (MultiUserChat.java:266) Trying to create room on server conference.saros-con.imp.fu-berlin.de
DEBUG 2013-12-29 01:38:08,052 (OutgoingSessionNegotiation.java:289) OSN [remote side: jestah@saros-con.imp.fu-berlin.de/Saros] : Saros versions are compatible
DEBUG 2013-12-29 01:38:08,053 (OutgoingSessionNegotiation.java:303) OSN [remote side: jestah@saros-con.imp.fu-berlin.de/Saros] : sending invitation
DEBUG 2013-12-29 01:38:08,053 (OutgoingSessionNegotiation.java:329) OSN [remote side: jestah@saros-con.imp.fu-berlin.de/Saros] : waiting for invitation acknowledgement
DEBUG 2013-12-29 01:38:08,070 (MultiUserChat.java:312) Configuring room
DEBUG 2013-12-29 01:38:08,391 (OutgoingSessionNegotiation.java:340) OSN [remote side: jestah@saros-con.imp.fu-berlin.de/Saros] : invitation acknowledged
DEBUG 2013-12-29 01:38:08,392 (OutgoingSessionNegotiation.java:349) OSN [remote side: jestah@saros-con.imp.fu-berlin.de/Saros] : waiting for peer to accept the invitation
DEBUG 2013-12-29 01:38:08,598 (MultiUserChat.java:299) MUC created and joined. Server: conference.saros-con.imp.fu-berlin.de Room: SAROS372205092 Password 342116545
DEBUG 2013-12-29 01:38:08,760 (MUCStateManager.java:101) Incoming Message from saros372205092@conference.saros-con.imp.fu-berlin.de/argixx@saros-con.imp.fu-berlin.de/Saros with state: active
DEBUG 2013-12-29 01:38:08,760 (MultiUserChat.java:82) stateChanged fired with state: active
DEBUG 2013-12-29 01:38:08,761 (MultiUserChat.java:136) processPacket called
DEBUG 2013-12-29 01:38:09,917 (OutgoingSessionNegotiation.java:360) OSN [remote side: jestah@saros-con.imp.fu-berlin.de/Saros] : invitation accepted
DEBUG 2013-12-29 01:38:09,918 (OutgoingSessionNegotiation.java:370) OSN [remote side: jestah@saros-con.imp.fu-berlin.de/Saros] : waiting for client's session parameters
DEBUG 2013-12-29 01:38:09,920 (OutgoingSessionNegotiation.java:390) OSN [remote side: jestah@saros-con.imp.fu-berlin.de/Saros] : received client's session parameters
DEBUG 2013-12-29 01:38:10,245 (OutgoingSessionNegotiation.java:438) OSN [remote side: jestah@saros-con.imp.fu-berlin.de/Saros] : sending updated session negotiation data
DEBUG 2013-12-29 01:38:10,246 (OutgoingSessionNegotiation.java:445) OSN [remote side: jestah@saros-con.imp.fu-berlin.de/Saros] : sent updated session negotiation data
DEBUG 2013-12-29 01:38:10,247 (OutgoingSessionNegotiation.java:455) OSN [remote side: jestah@saros-con.imp.fu-berlin.de/Saros] : waiting for remote side to start its Saros session
DEBUG 2013-12-29 01:38:10,811 (OutgoingSessionNegotiation.java:466) OSN [remote side: jestah@saros-con.imp.fu-berlin.de/Saros] : remote side started its Saros session
DEBUG 2013-12-29 01:38:10,813 (DataTransferManager.java:387) currently used IP addresses for Socks5Proxy: [192.168.1.107, fe80:0:0:0:10ee:4719:9106:d364%13, 2001:0:9d38:6ab8:20df:3260:94fd:51e7, fe80:0:0:0:20df:3260:94fd:51e7%16]
INFO  2013-12-29 01:38:10,813 (DataTransferManager.java:392) establishing connection to jestah@saros-con.imp.fu-berlin.de from argixx@saros-con.imp.fu-berlin.de/Saros using SOCKS5
DEBUG 2013-12-29 01:38:10,813 (ByteStreamTransport.java:44) establishing bytestream connection to jestah@saros-con.imp.fu-berlin.de/Saros
DEBUG 2013-12-29 01:38:10,814 (Socks5Transport.java:505) [SOCKS5] establishing new connection to jestah@saros-con.imp.fu-berlin.de/Saros with local proxy enabled (Port 7777). 
DEBUG 2013-12-29 01:38:11,376 (MUCStateManager.java:101) Incoming Message from saros372205092@conference.saros-con.imp.fu-berlin.de/jestah@saros-con.imp.fu-berlin.de/Saros with state: active
DEBUG 2013-12-29 01:38:11,377 (MultiUserChat.java:82) stateChanged fired with state: active
DEBUG 2013-12-29 01:38:11,377 (MultiUserChat.java:136) processPacket called
DEBUG 2013-12-29 01:38:13,010 (ByteStreamTransport.java:71) received request to establish a SOCKS5 bytestream connection to jestah@saros-con.imp.fu-berlin.de/Saros
DEBUG 2013-12-29 01:38:13,011 (Socks5Transport.java:325) [SOCKS5] receiving response connection from jestah@saros-con.imp.fu-berlin.de/Saros with local proxy enabled (Port 7777). 
DEBUG 2013-12-29 01:38:13,281 (Socks5Transport.java:533) [SOCKS5] session is mediated. Waiting for peer to connect ...
DEBUG 2013-12-29 01:38:13,480 (Socks5Transport.java:215) [SOCKS5] trying if outgoing session is bidirectional
DEBUG 2013-12-29 01:38:14,472 (Socks5Transport.java:220) [SOCKS5] response connection is mediated, too, but at least the server allows bidirectional connections. (using outgoing session)
DEBUG 2013-12-29 01:38:14,473 (DataTransferManager.java:141) bytestream connection changed SOCKS5 (mediated) [to: jestah@saros-con.imp.fu-berlin.de/Saros|inc: false|id: saros-main-session]
DEBUG 2013-12-29 01:38:14,474 (OutgoingSessionNegotiation.java:481) OSN [remote side: jestah@saros-con.imp.fu-berlin.de/Saros] : synchronizing user list
DEBUG 2013-12-29 01:38:14,474 (BinaryChannelConnection.java:88) SOCKS5 (mediated) [jestah@saros-con.imp.fu-berlin.de/Saros]  ReceiverThread started.
DEBUG 2013-12-29 01:38:14,475 (UserInformationHandler.java:147) synchronizing user list (A)[argixx, jestah], (R) [] with user(s) [jestah]
DEBUG 2013-12-29 01:38:15,156 (UserInformationHandler.java:199) received user list confirmation from: jestah@saros-con.imp.fu-berlin.de/Saros
DEBUG 2013-12-29 01:38:15,157 (UserInformationHandler.java:206) synchronized user list with user(s) [jestah]
DEBUG 2013-12-29 01:38:15,160 (ChangeColorManager.java:254) reassigning color IDs for the current session users
DEBUG 2013-12-29 01:38:15,162 (ChangeColorManager.java:288) color conflict resolve result = NO CONFLICT
DEBUG 2013-12-29 01:38:15,163 (ChangeColorManager.java:347) new color assignment: {argixx=0, jestah=1}
DEBUG 2013-12-29 01:38:15,165 (ChangeColorManager.java:566) updating color id set: [jestah@saros-con.imp.fu-berlin.de/Saros, argixx@saros-con.imp.fu-berlin.de/Saros]
INFO  2013-12-29 01:38:15,170 (ParticipantCollector.java:69) [jestah@saros-con.imp.fu-berlin.de/Saros] joined - session now contains 2 users
DEBUG 2013-12-29 01:38:15,170 (ActivitySequencer.java:529) send (001) [jestah@saros-con.imp.fu-berlin.de/Saros] [ChangeColorActivityDO(source: argixx@saros-con.imp.fu-berlin.de/Saros, affected: argixx@saros-con.imp.fu-berlin.de/Saros, colorID: 0)]
INFO  2013-12-29 01:38:15,171 (SarosSession.java:460) user [jestah@saros-con.imp.fu-berlin.de/Saros]  joined session
DEBUG 2013-12-29 01:38:15,174 (OutgoingSessionNegotiation.java:491) OSN [remote side: jestah@saros-con.imp.fu-berlin.de/Saros] : added [jestah@saros-con.imp.fu-berlin.de/Saros]  to the current session, colorID: 1
DEBUG 2013-12-29 01:38:15,176 (OutgoingSessionNegotiation.java:510) OSN [remote side: jestah@saros-con.imp.fu-berlin.de/Saros] : session negotiation finished
DEBUG 2013-12-29 01:38:15,176 (ActivitySequencer.java:529) send (001) [jestah@saros-con.imp.fu-berlin.de/Saros] [ChangeColorActivityDO(source: argixx@saros-con.imp.fu-berlin.de/Saros, affected: jestah@saros-con.imp.fu-berlin.de/Saros, colorID: 1)]
DEBUG 2013-12-29 01:38:15,177 (SXEOutgoingSynchronizationProcess.java:49) SXE(1750)  send state-offer to jestah@saros-con.imp.fu-berlin.de/Saros
DEBUG 2013-12-29 01:38:15,178 (SarosSXETransmitter.java:149) SXE send state-offer to jestah@saros-con.imp.fu-berlin.de/Saros waiting for [accept-state, refuse-state]
DEBUG 2013-12-29 01:38:15,936 (SXEOutgoingSynchronizationProcess.java:62) SXE(1750) jestah@saros-con.imp.fu-berlin.de/Saros accepted state-offer
DEBUG 2013-12-29 01:38:15,942 (SXEOutgoingSynchronizationProcess.java:81) SXE(1750) Sending state to jestah@saros-con.imp.fu-berlin.de/Saros
DEBUG 2013-12-29 01:38:15,943 (SXEOutgoingSynchronizationProcess.java:83) Send message: de.fu_berlin.inf.dpp.whiteboard.sxe.net.SXEMessage@2a8cf25c: from: null, to: jestah@saros-con.imp.fu-berlin.de/Saros, msgId: 1messageTyp: statemessage: [new name=svg visible=true rid=138830527640069375 ns=http://www.w3.org/2000/svg version=0 type=element, ]
DEBUG 2013-12-29 01:38:15,944 (CancelableProcess.java:321) process OSN [remote side: jestah@saros-con.imp.fu-berlin.de/Saros] exit status: OK
INFO  2013-12-29 01:38:15,947 (ProjectNegotiationObservable.java:61) This is ProjectNegotiation number 2 in this session. There are 0 process(es) in this session
DEBUG 2013-12-29 01:38:16,294 (OutgoingProjectNegotiation.java:198) OPN [remote side: jestah@saros-con.imp.fu-berlin.de/Saros] : sending file list
DEBUG 2013-12-29 01:38:16,534 (OutgoingProjectNegotiation.java:232) OPN [remote side: jestah@saros-con.imp.fu-berlin.de/Saros] : waiting for remote file list
DEBUG 2013-12-29 01:38:26,671 (OutgoingProjectNegotiation.java:250) OPN [remote side: jestah@saros-con.imp.fu-berlin.de/Saros] : remote file list has been received
DEBUG 2013-12-29 01:38:26,671 (OutgoingProjectNegotiation.java:295) OPN [remote side: jestah@saros-con.imp.fu-berlin.de/Saros] : stopping users [argixx, jestah]
DEBUG 2013-12-29 01:38:26,675 (StopManager.java:348) Waiting for acknowledgment [jestah@saros-con.imp.fu-berlin.de/Saros] 
DEBUG 2013-12-29 01:38:26,675 (ActivitySequencer.java:529) send (001) [jestah@saros-con.imp.fu-berlin.de/Saros] [StopActivityDO(id: 0138266732159066113652751020, type: LOCKREQUEST, state: INITIATED, initiator: argixx@saros-con.imp.fu-berlin.de/Saros, affected user: jestah@saros-con.imp.fu-berlin.de/Saros, src: argixx@saros-con.imp.fu-berlin.de/Saros)]
DEBUG 2013-12-29 01:38:26,675 (EditorManager.java:1836) Lock all editors
DEBUG 2013-12-29 01:38:26,677 (StopManager.java:242) added StartHandle (argixx, 013826673-1663553898227569794, startable) to resulting handles.
DEBUG 2013-12-29 01:38:27,341 (ActivitySequencer.java:586) rcvd (001) jestah@saros-con.imp.fu-berlin.de/Saros: [StopActivityDO(id: 0138266732159066113652751020, type: LOCKREQUEST, state: ACKNOWLEDGED, initiator: argixx@saros-con.imp.fu-berlin.de/Saros, affected user: jestah@saros-con.imp.fu-berlin.de/Saros, src: jestah@saros-con.imp.fu-berlin.de/Saros)]
DEBUG 2013-12-29 01:38:27,342 (StopManager.java:367) Acknowledgment arrived [jestah@saros-con.imp.fu-berlin.de/Saros] 
DEBUG 2013-12-29 01:38:27,343 (StopManager.java:242) added StartHandle (jestah, 0138266732159066113652751020, startable) to resulting handles.
INFO  2013-12-29 01:38:28,960 (SarosSession.java:466) user jestah started queuing projects and can receive IResourceActivities
DEBUG 2013-12-29 01:38:28,963 (OutgoingProjectNegotiation.java:341) OPN [remote side: jestah@saros-con.imp.fu-berlin.de/Saros] : creating archive(s)
DEBUG 2013-12-29 01:38:32,788 (FileZipper.java:200) created archive C:\Users\Me\AppData\Local\Temp\636737964&&&&2287924297403335321.zip I/O: [49.5 MB in 3s at 13.6 MB/s]
DEBUG 2013-12-29 01:38:32,788 (OutgoingProjectNegotiation.java:326) OPN [remote side: jestah@saros-con.imp.fu-berlin.de/Saros] : restarting user [argixx@saros-con.imp.fu-berlin.de/Saros] 
DEBUG 2013-12-29 01:38:32,789 (StartHandle.java:60) Called start on argixx
DEBUG 2013-12-29 01:38:32,789 (StopManager.java:412) StartHandle (argixx, 013826673-1663553898227569794, not startable) couldn't be removed because it doesn't exist any more.
DEBUG 2013-12-29 01:38:32,789 (EditorManager.java:1838) Unlock all editors
DEBUG 2013-12-29 01:38:32,790 (OutgoingProjectNegotiation.java:326) OPN [remote side: jestah@saros-con.imp.fu-berlin.de/Saros] : restarting user [jestah@saros-con.imp.fu-berlin.de/Saros] 
DEBUG 2013-12-29 01:38:32,790 (StartHandle.java:60) Called start on jestah
DEBUG 2013-12-29 01:38:32,791 (ActivitySequencer.java:529) send (001) [jestah@saros-con.imp.fu-berlin.de/Saros] [StopActivityDO(id: 0138266732159066113652751020, type: UNLOCKREQUEST, state: INITIATED, initiator: argixx@saros-con.imp.fu-berlin.de/Saros, affected user: jestah@saros-con.imp.fu-berlin.de/Saros, src: argixx@saros-con.imp.fu-berlin.de/Saros)]
DEBUG 2013-12-29 01:38:33,286 (FileZipper.java:200) created archive C:\Users\Me\AppData\Local\Temp\SarosSyncArchive6875150589960325525.zip I/O: [49.5 MB in < 1 s at 100.2 MB/s]
DEBUG 2013-12-29 01:38:33,287 (OutgoingProjectNegotiation.java:432) OPN [remote side: jestah@saros-con.imp.fu-berlin.de/Saros] : sending archive
DEBUG 2013-12-29 01:38:33,439 (ActivitySequencer.java:586) rcvd (001) jestah@saros-con.imp.fu-berlin.de/Saros: [StopActivityDO(id: 0138266732159066113652751020, type: UNLOCKREQUEST, state: ACKNOWLEDGED, initiator: argixx@saros-con.imp.fu-berlin.de/Saros, affected user: jestah@saros-con.imp.fu-berlin.de/Saros, src: jestah@saros-con.imp.fu-berlin.de/Saros)]
WARN  2013-12-29 01:39:36,357 (OutgoingProjectNegotiation.java:176) could not archive file: C:\Users\Me\AppData\Local\Temp\SarosSyncArchive6875150589960325525.zip
DEBUG 2013-12-29 01:39:36,360 (CancelableProcess.java:154) process OPN [remote side: jestah@saros-con.imp.fu-berlin.de/Saros] was cancelled by the local side, error: none
DEBUG 2013-12-29 01:39:36,361 (CancelableProcess.java:359) process OPN [remote side: jestah@saros-con.imp.fu-berlin.de/Saros] was cancelled manually by the local user
DEBUG 2013-12-29 01:39:36,361 (ProjectNegotiation.java:121) notifying remote contact [jestah@saros-con.imp.fu-berlin.de/Saros]  of the local project negotiation cancellation
DEBUG 2013-12-29 01:39:36,362 (CancelableProcess.java:317) executing cancellation for process OPN [remote side: jestah@saros-con.imp.fu-berlin.de/Saros]
DEBUG 2013-12-29 01:39:36,362 (CancelableProcess.java:321) process OPN [remote side: jestah@saros-con.imp.fu-berlin.de/Saros] exit status: CANCEL
DEBUG 2013-12-29 01:39:37,039 (ChangeColorManager.java:254) reassigning color IDs for the current session users
DEBUG 2013-12-29 01:39:37,041 (BinaryChannelConnection.java:98) SOCKS5 (mediated) [jestah@saros-con.imp.fu-berlin.de/Saros]  connection closed remotely:no stream data available
DEBUG 2013-12-29 01:39:37,041 (ChangeColorManager.java:288) color conflict resolve result = NO CONFLICT
DEBUG 2013-12-29 01:39:37,042 (ChangeColorManager.java:347) new color assignment: {argixx=0}
DEBUG 2013-12-29 01:39:37,043 (ChangeColorManager.java:566) updating color id set: [argixx@saros-con.imp.fu-berlin.de/Saros]
INFO  2013-12-29 01:39:37,044 (ParticipantCollector.java:80) [jestah@saros-con.imp.fu-berlin.de/Saros] left - session now contains 1 users
INFO  2013-12-29 01:39:38,929 (SarosSession.java:559) user [jestah@saros-con.imp.fu-berlin.de/Saros]  left session
DEBUG 2013-12-29 01:39:38,930 (SarosSessionManager.java:332) terminating all running negotiation processes
DEBUG 2013-12-29 01:39:38,931 (SarosSessionManager.java:339) Leave message sent.
WARN  2013-12-29 01:39:38,931 (NullSarosSession.java:64) unexpected method call
DEBUG 2013-12-29 01:39:38,932 (ActivityHandler.java:112) activity dispatcher stopped
WARN  2013-12-29 01:39:38,934 (NullSarosSession.java:64) unexpected method call
DEBUG 2013-12-29 01:39:38,935 (FollowModeCollector.java:177) Processing follow mode changes took 0.0 s
WARN  2013-12-29 01:39:38,937 (NullSarosSession.java:64) unexpected method call
WARN  2013-12-29 01:39:38,940 (NullSarosSession.java:64) unexpected method call
INFO  2013-12-29 01:39:38,938 (FeedbackManager.java:105) Session lasted 1 min 31 s
INFO  2013-12-29 01:39:38,942 (ParticipantCollector.java:149) Session ended: Current number of participants: 1
DEBUG 2013-12-29 01:39:38,943 (StatisticManager.java:330) Session statistic:
  auto.followmode.enabled=false
  data_transfer.SOCKS5 (mediated).average_throughput_kbs=16.5
  data_transfer.SOCKS5 (mediated).number_of_events=22
  data_transfer.SOCKS5 (mediated).total_size_kb=45
  data_transfer.SOCKS5 (mediated).total_time_ms=2737
  eclipse.version=3.8.0.v20120912-155025
  feedback.disabled=false
  feedback.survey.interval=5
  followmode.time.percent=0
  followmode.time.total=0.0
  followmode.toggles=0
  gesture.count=0
  java.version=1.7.0_25
  jumped.count=0
  jumped.driver.count=0
  jumped.observer.count=0
  observer.selection.count.witnessed=0
  observer.selection.count=0
  os.name=Windows 8
  random.user.id=2013-12-29_01-37-48_1779704119
  role.1.duration=1.53
  role.1=write_access
  role.changes=0
  role.driver.duration=1.53
  role.driver.percent=100
  role.observer.duration=0.0
  role.observer.percent=0
  saros.version=13.12.6
  session.count=2
  session.id=372205092
  session.local.start=2013-12-29T08:39:38Z
  session.shared.project.complete.count=1
  session.shared.project.partial.count=0
  session.shared.project.partial.files.count=0
  session.time.users.1.percent=11
  session.time.users.1=0.16
  session.time.users.2.percent=89
  session.time.users.2=1.36
  session.time=1.53
  session.users.total=2
  textedits.chars=0
  textedits.count=0
  textedits.nonparallel.chars=0
  textedits.nonparallel.percent=0
  textedits.pastes.chars=0
  textedits.pastes=0
  user.is.host=true
  voip.session.count=0
  voip.time.percent=0
  voip.time.total=0.0
INFO  2013-12-29 01:39:38,944 (StatisticManager.java:244) User does not allow to submit session statistics
DEBUG 2013-12-29 01:39:38,950 (EditorManager.java:1838) Unlock all editors
DEBUG 2013-12-29 01:39:38,951 (SharedProjectDecorator.java:92) clearing project decoration for all shared projects
DEBUG 2013-12-29 01:39:38,965 (MultiUserChatService.java:157) Leaving multi user chat Session Chat.
INFO  2013-12-29 01:39:39,130 (SarosSessionManager.java:353) session stopped
WARN  2013-12-29 01:39:44,691 (NullSarosSession.java:64) unexpected method call
WARN  2013-12-29 01:39:44,694 (NullSarosSession.java:64) unexpected method call
WARN  2013-12-29 01:39:48,376 (NullSarosSession.java:64) unexpected method call
WARN  2013-12-29 01:39:48,379 (NullSarosSession.java:64) unexpected method call
DEBUG 2013-12-29 01:39:55,282 (BinaryChannelConnection.java:98) SOCKS5 (mediated) [jestah@saros-con.imp.fu-berlin.de/Saros]  connection closed remotely:no stream data available
DEBUG 2013-12-29 01:39:55,298 (DiscoveryManager.java:98) clearing cache entry of contact jestah@saros-con.imp.fu-berlin.de/Saros: <query xmlns="http://jabber.org/protocol/disco#info"><identity category="client" name="Smack" type="pc"/><feature var="http://jabber.org/protocol/commands"/><feature var="http://jabber.org/protocol/muc"/><feature var="http://jabber.org/protocol/xhtml-im"/><feature var="de.fu_berlin.inf.dpp"/><feature var="http://jabber.org/protocol/disco#items"/><feature var="jabber:iq:last"/><feature var="http://jabber.org/protocol/chatstates"/><feature var="urn:xmpp:ping"/><feature var="http://jabber.org/protocol/bytestreams"/><feature var="http://jabber.org/protocol/disco#info"/></query>
WARN  2013-12-29 01:41:04,822 (NullSarosSession.java:64) unexpected method call
WARN  2013-12-29 01:41:04,825 (NullSarosSession.java:64) unexpected method call
WARN  2013-12-29 01:47:11,335 (NullSarosSession.java:64) unexpected method call
WARN  2013-12-29 01:47:11,338 (NullSarosSession.java:64) unexpected method call
WARN  2013-12-29 01:47:11,409 (NullSarosSession.java:64) unexpected method call
WARN  2013-12-29 01:47:11,411 (NullSarosSession.java:64) unexpected method call
WARN  2013-12-29 01:47:12,567 (NullSarosSession.java:64) unexpected method call
WARN  2013-12-29 01:47:12,569 (NullSarosSession.java:64) unexpected method call
WARN  2013-12-29 01:47:15,224 (NullSarosSession.java:64) unexpected method call
WARN  2013-12-29 01:47:15,226 (NullSarosSession.java:64) unexpected method call
WARN  2013-12-29 01:47:16,400 (NullSarosSession.java:64) unexpected method call
WARN  2013-12-29 01:47:16,402 (NullSarosSession.java:64) unexpected method call
WARN  2013-12-29 01:47:16,433 (NullSarosSession.java:64) unexpected method call
WARN  2013-12-29 01:47:16,435 (NullSarosSession.java:64) unexpected method call
WARN  2013-12-29 01:47:21,742 (NullSarosSession.java:64) unexpected method call
WARN  2013-12-29 01:47:21,745 (NullSarosSession.java:64) unexpected method call
WARN  2013-12-29 01:47:21,854 (NullSarosSession.java:64) unexpected method call
WARN  2013-12-29 01:47:21,856 (NullSarosSession.java:64) unexpected method call
WARN  2013-12-29 01:47:22,517 (NullSarosSession.java:64) unexpected method call
WARN  2013-12-29 01:47:22,527 (NullSarosSession.java:64) unexpected method call
WARN  2013-12-29 01:47:22,614 (NullSarosSession.java:64) unexpected method call
WARN  2013-12-29 01:47:22,617 (NullSarosSession.java:64) unexpected method call
WARN  2013-12-29 01:47:23,835 (NullSarosSession.java:64) unexpected method call
WARN  2013-12-29 01:47:23,838 (NullSarosSession.java:64) unexpected method call
WARN  2013-12-29 01:47:23,870 (NullSarosSession.java:64) unexpected method call
WARN  2013-12-29 01:47:23,872 (NullSarosSession.java:64) unexpected method call
WARN  2013-12-29 01:47:27,250 (NullSarosSession.java:64) unexpected method call
WARN  2013-12-29 01:47:27,253 (NullSarosSession.java:64) unexpected method call
WARN  2013-12-29 01:47:27,360 (NullSarosSession.java:64) unexpected method call
WARN  2013-12-29 01:47:27,517 (NullSarosSession.java:64) unexpected method call
WARN  2013-12-29 01:47:29,253 (NullSarosSession.java:64) unexpected method call
WARN  2013-12-29 01:47:29,259 (NullSarosSession.java:64) unexpected method call
WARN  2013-12-29 01:47:29,425 (NullSarosSession.java:64) unexpected method call
WARN  2013-12-29 01:47:29,428 (NullSarosSession.java:64) unexpected method call
WARN  2013-12-29 01:47:36,008 (NullSarosSession.java:64) unexpected method call
WARN  2013-12-29 01:47:36,013 (NullSarosSession.java:64) unexpected method call
WARN  2013-12-29 01:47:36,060 (NullSarosSession.java:64) unexpected method call
WARN  2013-12-29 01:47:36,063 (NullSarosSession.java:64) unexpected method call
WARN  2013-12-29 01:47:40,712 (NullSarosSession.java:64) unexpected method call
WARN  2013-12-29 01:47:40,716 (NullSarosSession.java:64) unexpected method call
WARN  2013-12-29 01:47:48,881 (NullSarosSession.java:64) unexpected method call
WARN  2013-12-29 01:47:48,884 (NullSarosSession.java:64) unexpected method call
WARN  2013-12-29 01:47:48,944 (NullSarosSession.java:64) unexpected method call
WARN  2013-12-29 01:47:48,947 (NullSarosSession.java:64) unexpected method call
WARN  2013-12-29 01:47:52,326 (NullSarosSession.java:64) unexpected method call
WARN  2013-12-29 01:47:52,329 (NullSarosSession.java:64) unexpected method call
WARN  2013-12-29 01:48:08,542 (NullSarosSession.java:64) unexpected method call
WARN  2013-12-29 01:48:08,545 (NullSarosSession.java:64) unexpected method call
WARN  2013-12-29 01:48:22,236 (NullSarosSession.java:64) unexpected method call
WARN  2013-12-29 01:48:22,240 (NullSarosSession.java:64) unexpected method call
WARN  2013-12-29 01:48:25,622 (NullSarosSession.java:64) unexpected method call
WARN  2013-12-29 01:48:25,624 (NullSarosSession.java:64) unexpected method call
WARN  2013-12-29 01:49:23,707 (NullSarosSession.java:64) unexpected method call
WARN  2013-12-29 01:49:23,710 (NullSarosSession.java:64) unexpected method call
WARN  2013-12-29 01:49:24,372 (NullSarosSession.java:64) unexpected method call
WARN  2013-12-29 01:49:24,374 (NullSarosSession.java:64) unexpected method call
WARN  2013-12-29 01:49:26,281 (NullSarosSession.java:64) unexpected method call
WARN  2013-12-29 01:49:26,284 (NullSarosSession.java:64) unexpected method call
WARN  2013-12-29 01:49:57,659 (NullSarosSession.java:64) unexpected method call
WARN  2013-12-29 01:49:57,662 (NullSarosSession.java:64) unexpected method call
WARN  2013-12-29 01:50:07,012 (NullSarosSession.java:64) unexpected method call
WARN  2013-12-29 01:50:07,018 (NullSarosSession.java:64) unexpected method call
WARN  2013-12-29 01:50:07,216 (NullSarosSession.java:64) unexpected method call
WARN  2013-12-29 01:50:07,219 (NullSarosSession.java:64) unexpected method call
WARN  2013-12-29 01:51:26,011 (NullSarosSession.java:64) unexpected method call
WARN  2013-12-29 01:51:26,017 (NullSarosSession.java:64) unexpected method call
WARN  2013-12-29 01:51:26,051 (NullSarosSession.java:64) unexpected method call
WARN  2013-12-29 01:51:26,053 (NullSarosSession.java:64) unexpected method call
WARN  2013-12-29 01:51:52,127 (NullSarosSession.java:64) unexpected method call
WARN  2013-12-29 01:51:52,133 (NullSarosSession.java:64) unexpected method call
WARN  2013-12-29 01:51:52,210 (NullSarosSession.java:64) unexpected method call
WARN  2013-12-29 01:51:52,213 (NullSarosSession.java:64) unexpected method call
WARN  2013-12-29 01:54:33,240 (NullSarosSession.java:64) unexpected method call
WARN  2013-12-29 01:54:33,246 (NullSarosSession.java:64) unexpected method call
WARN  2013-12-29 01:54:33,293 (NullSarosSession.java:64) unexpected method call
WARN  2013-12-29 01:54:33,296 (NullSarosSession.java:64) unexpected method call
WARN  2013-12-29 01:54:34,610 (NullSarosSession.java:64) unexpected method call
WARN  2013-12-29 01:54:34,613 (NullSarosSession.java:64) unexpected method call
WARN  2013-12-29 01:54:45,233 (NullSarosSession.java:64) unexpected method call
WARN  2013-12-29 01:54:45,235 (NullSarosSession.java:64) unexpected method call
WARN  2013-12-29 01:55:30,359 (NullSarosSession.java:64) unexpected method call
WARN  2013-12-29 01:55:30,362 (NullSarosSession.java:64) unexpected method call
WARN  2013-12-29 01:56:09,254 (NullSarosSession.java:64) unexpected method call
WARN  2013-12-29 01:56:09,257 (NullSarosSession.java:64) unexpected method call
WARN  2013-12-29 01:56:10,792 (NullSarosSession.java:64) unexpected method call
WARN  2013-12-29 01:56:10,795 (NullSarosSession.java:64) unexpected method call
WARN  2013-12-29 01:56:11,988 (NullSarosSession.java:64) unexpected method call
WARN  2013-12-29 01:56:11,991 (NullSarosSession.java:64) unexpected method call
WARN  2013-12-29 01:58:58,149 (NullSarosSession.java:64) unexpected method call
WARN  2013-12-29 01:58:58,152 (NullSarosSession.java:64) unexpected method call
WARN  2013-12-29 01:59:10,104 (NullSarosSession.java:64) unexpected method call
WARN  2013-12-29 01:59:10,108 (NullSarosSession.java:64) unexpected method call
WARN  2013-12-29 01:59:10,220 (NullSarosSession.java:64) unexpected method call
WARN  2013-12-29 01:59:10,222 (NullSarosSession.java:64) unexpected method call
WARN  2013-12-29 01:59:27,980 (NullSarosSession.java:64) unexpected method call
WARN  2013-12-29 01:59:27,982 (NullSarosSession.java:64) unexpected method call
WARN  2013-12-29 01:59:35,173 (NullSarosSession.java:64) unexpected method call
WARN  2013-12-29 01:59:35,178 (NullSarosSession.java:64) unexpected method call
WARN  2013-12-29 01:59:36,498 (NullSarosSession.java:64) unexpected method call
WARN  2013-12-29 01:59:36,501 (NullSarosSession.java:64) unexpected method call
WARN  2013-12-29 01:59:36,602 (NullSarosSession.java:64) unexpected method call
WARN  2013-12-29 01:59:36,605 (NullSarosSession.java:64) unexpected method call
WARN  2013-12-29 01:59:40,555 (NullSarosSession.java:64) unexpected method call
WARN  2013-12-29 01:59:40,558 (NullSarosSession.java:64) unexpected method call
WARN  2013-12-29 02:00:22,348 (NullSarosSession.java:64) unexpected method call
WARN  2013-12-29 02:00:22,351 (NullSarosSession.java:64) unexpected method call
WARN  2013-12-29 02:02:30,928 (NullSarosSession.java:64) unexpected method call
WARN  2013-12-29 02:02:30,934 (NullSarosSession.java:64) unexpected method call
WARN  2013-12-29 02:02:31,104 (NullSarosSession.java:64) unexpected method call
WARN  2013-12-29 02:02:31,109 (NullSarosSession.java:64) unexpected method call
WARN  2013-12-29 02:03:43,830 (NullSarosSession.java:64) unexpected method call
WARN  2013-12-29 02:03:43,836 (NullSarosSession.java:64) unexpected method call
WARN  2013-12-29 02:03:47,295 (NullSarosSession.java:64) unexpected method call
WARN  2013-12-29 02:03:47,297 (NullSarosSession.java:64) unexpected method call
WARN  2013-12-29 02:03:48,810 (NullSarosSession.java:64) unexpected method call
WARN  2013-12-29 02:03:48,814 (NullSarosSession.java:64) unexpected method call
WARN  2013-12-29 02:04:13,887 (NullSarosSession.java:64) unexpected method call
WARN  2013-12-29 02:04:13,890 (NullSarosSession.java:64) unexpected method call
WARN  2013-12-29 02:04:30,459 (NullSarosSession.java:64) unexpected method call
WARN  2013-12-29 02:04:30,463 (NullSarosSession.java:64) unexpected method call
WARN  2013-12-29 02:07:32,692 (NullSarosSession.java:64) unexpected method call
WARN  2013-12-29 02:07:32,695 (NullSarosSession.java:64) unexpected method call
WARN  2013-12-29 02:07:32,737 (NullSarosSession.java:64) unexpected method call
WARN  2013-12-29 02:07:32,739 (NullSarosSession.java:64) unexpected method call
WARN  2013-12-29 02:07:32,850 (NullSarosSession.java:64) unexpected method call
WARN  2013-12-29 02:07:32,853 (NullSarosSession.java:64) unexpected method call
WARN  2013-12-29 02:07:37,202 (NullSarosSession.java:64) unexpected method call
WARN  2013-12-29 02:07:37,206 (NullSarosSession.java:64) unexpected method call
WARN  2013-12-29 02:08:12,320 (NullSarosSession.java:64) unexpected method call
WARN  2013-12-29 02:08:12,323 (NullSarosSession.java:64) unexpected method call
WARN  2013-12-29 02:08:19,031 (NullSarosSession.java:64) unexpected method call
WARN  2013-12-29 02:08:19,034 (NullSarosSession.java:64) unexpected method call
WARN  2013-12-29 02:08:19,096 (NullSarosSession.java:64) unexpected method call
WARN  2013-12-29 02:08:19,098 (NullSarosSession.java:64) unexpected method call
WARN  2013-12-29 02:08:19,213 (NullSarosSession.java:64) unexpected method call
WARN  2013-12-29 02:08:19,216 (NullSarosSession.java:64) unexpected method call
WARN  2013-12-29 02:08:21,230 (NullSarosSession.java:64) unexpected method call
WARN  2013-12-29 02:08:21,234 (NullSarosSession.java:64) unexpected method call
WARN  2013-12-29 02:08:46,907 (NullSarosSession.java:64) unexpected method call
WARN  2013-12-29 02:08:46,914 (NullSarosSession.java:64) unexpected method call
WARN  2013-12-29 02:08:55,769 (NullSarosSession.java:64) unexpected method call
WARN  2013-12-29 02:08:55,774 (NullSarosSession.java:64) unexpected method call
WARN  2013-12-29 02:08:55,825 (NullSarosSession.java:64) unexpected method call
WARN  2013-12-29 02:08:55,828 (NullSarosSession.java:64) unexpected method call
WARN  2013-12-29 02:08:56,497 (NullSarosSession.java:64) unexpected method call
WARN  2013-12-29 02:08:56,500 (NullSarosSession.java:64) unexpected method call
WARN  2013-12-29 02:08:58,247 (NullSarosSession.java:64) unexpected method call
WARN  2013-12-29 02:08:58,249 (NullSarosSession.java:64) unexpected method call
WARN  2013-12-29 02:16:00,107 (NullSarosSession.java:64) unexpected method call
WARN  2013-12-29 02:16:00,114 (NullSarosSession.java:64) unexpected method call
WARN  2013-12-29 02:16:03,041 (NullSarosSession.java:64) unexpected method call
WARN  2013-12-29 02:16:03,044 (NullSarosSession.java:64) unexpected method call
WARN  2013-12-29 02:16:04,640 (NullSarosSession.java:64) unexpected method call
WARN  2013-12-29 02:16:04,643 (NullSarosSession.java:64) unexpected method call
WARN  2013-12-29 02:16:04,665 (NullSarosSession.java:64) unexpected method call
WARN  2013-12-29 02:16:04,668 (NullSarosSession.java:64) unexpected method call
WARN  2013-12-29 02:16:07,885 (NullSarosSession.java:64) unexpected method call
WARN  2013-12-29 02:16:07,888 (NullSarosSession.java:64) unexpected method call
WARN  2013-12-29 02:16:09,377 (NullSarosSession.java:64) unexpected method call
WARN  2013-12-29 02:16:09,380 (NullSarosSession.java:64) unexpected method call
WARN  2013-12-29 02:16:10,914 (NullSarosSession.java:64) unexpected method call
WARN  2013-12-29 02:16:10,917 (NullSarosSession.java:64) unexpected method call
WARN  2013-12-29 02:16:10,945 (NullSarosSession.java:64) unexpected method call
WARN  2013-12-29 02:16:10,947 (NullSarosSession.java:64) unexpected method call
WARN  2013-12-29 02:16:14,266 (NullSarosSession.java:64) unexpected method call
WARN  2013-12-29 02:16:14,269 (NullSarosSession.java:64) unexpected method call
WARN  2013-12-29 02:16:14,389 (NullSarosSession.java:64) unexpected method call
WARN  2013-12-29 02:16:14,392 (NullSarosSession.java:64) unexpected method call
WARN  2013-12-29 02:16:40,965 (NullSarosSession.java:64) unexpected method call
WARN  2013-12-29 02:16:40,971 (NullSarosSession.java:64) unexpected method call
WARN  2013-12-29 02:16:41,022 (NullSarosSession.java:64) unexpected method call
WARN  2013-12-29 02:16:41,025 (NullSarosSession.java:64) unexpected method call
WARN  2013-12-29 02:16:53,328 (NullSarosSession.java:64) unexpected method call
WARN  2013-12-29 02:16:53,331 (NullSarosSession.java:64) unexpected method call
WARN  2013-12-29 02:16:53,388 (NullSarosSession.java:64) unexpected method call
WARN  2013-12-29 02:16:53,391 (NullSarosSession.java:64) unexpected method call
WARN  2013-12-29 02:17:43,147 (NullSarosSession.java:64) unexpected method call
WARN  2013-12-29 02:17:43,150 (NullSarosSession.java:64) unexpected method call
WARN  2013-12-29 02:17:51,868 (NullSarosSession.java:64) unexpected method call
WARN  2013-12-29 02:17:51,871 (NullSarosSession.java:64) unexpected method call
WARN  2013-12-29 02:17:57,489 (NullSarosSession.java:64) unexpected method call
WARN  2013-12-29 02:17:57,492 (NullSarosSession.java:64) unexpected method call
WARN  2013-12-29 02:18:00,400 (NullSarosSession.java:64) unexpected method call
WARN  2013-12-29 02:18:00,403 (NullSarosSession.java:64) unexpected method call
WARN  2013-12-29 02:18:04,020 (NullSarosSession.java:64) unexpected method call
WARN  2013-12-29 02:18:04,022 (NullSarosSession.java:64) unexpected method call
WARN  2013-12-29 02:18:19,788 (NullSarosSession.java:64) unexpected method call
WARN  2013-12-29 02:18:19,795 (NullSarosSession.java:64) unexpected method call
WARN  2013-12-29 02:18:19,829 (NullSarosSession.java:64) unexpected method call
WARN  2013-12-29 02:18:19,832 (NullSarosSession.java:64) unexpected method call
WARN  2013-12-29 02:21:35,013 (NullSarosSession.java:64) unexpected method call
WARN  2013-12-29 02:21:35,018 (NullSarosSession.java:64) unexpected method call
WARN  2013-12-29 02:21:35,950 (NullSarosSession.java:64) unexpected method call
WARN  2013-12-29 02:21:35,952 (NullSarosSession.java:64) unexpected method call
WARN  2013-12-29 02:21:36,595 (NullSarosSession.java:64) unexpected method call
WARN  2013-12-29 02:21:36,597 (NullSarosSession.java:64) unexpected method call
WARN  2013-12-29 02:22:58,096 (NullSarosSession.java:64) unexpected method call
WARN  2013-12-29 02:22:58,099 (NullSarosSession.java:64) unexpected method call
WARN  2013-12-29 02:23:51,369 (NullSarosSession.java:64) unexpected method call
WARN  2013-12-29 02:23:51,372 (NullSarosSession.java:64) unexpected method call
WARN  2013-12-29 02:28:27,518 (NullSarosSession.java:64) unexpected method call
WARN  2013-12-29 02:28:27,521 (NullSarosSession.java:64) unexpected method call
WARN  2013-12-29 02:36:28,577 (NullSarosSession.java:64) unexpected method call
WARN  2013-12-29 02:36:28,580 (NullSarosSession.java:64) unexpected method call
WARN  2013-12-29 02:37:24,170 (NullSarosSession.java:64) unexpected method call
WARN  2013-12-29 02:37:24,173 (NullSarosSession.java:64) unexpected method call
WARN  2013-12-29 02:37:24,199 (NullSarosSession.java:64) unexpected method call
WARN  2013-12-29 02:37:24,201 (NullSarosSession.java:64) unexpected method call
WARN  2013-12-29 02:37:25,378 (NullSarosSession.java:64) unexpected method call
WARN  2013-12-29 02:37:25,381 (NullSarosSession.java:64) unexpected method call
WARN  2013-12-29 02:39:44,611 (NullSarosSession.java:64) unexpected method call
WARN  2013-12-29 02:39:44,617 (NullSarosSession.java:64) unexpected method call
WARN  2013-12-29 02:44:52,263 (NullSarosSession.java:64) unexpected method call
WARN  2013-12-29 02:44:52,267 (NullSarosSession.java:64) unexpected method call
WARN  2013-12-29 02:44:52,348 (NullSarosSession.java:64) unexpected method call
WARN  2013-12-29 02:44:52,351 (NullSarosSession.java:64) unexpected method call
WARN  2013-12-29 02:44:55,220 (NullSarosSession.java:64) unexpected method call
WARN  2013-12-29 02:44:55,223 (NullSarosSession.java:64) unexpected method call
WARN  2013-12-29 02:44:55,247 (NullSarosSession.java:64) unexpected method call
WARN  2013-12-29 02:44:55,249 (NullSarosSession.java:64) unexpected method call
WARN  2013-12-29 02:44:57,903 (NullSarosSession.java:64) unexpected method call
WARN  2013-12-29 02:44:57,905 (NullSarosSession.java:64) unexpected method call
WARN  2013-12-29 02:45:02,865 (NullSarosSession.java:64) unexpected method call
WARN  2013-12-29 02:45:02,868 (NullSarosSession.java:64) unexpected method call
WARN  2013-12-29 02:45:04,414 (NullSarosSession.java:64) unexpected method call
WARN  2013-12-29 02:45:04,417 (NullSarosSession.java:64) unexpected method call
WARN  2013-12-29 02:45:04,445 (NullSarosSession.java:64) unexpected method call
WARN  2013-12-29 02:45:04,447 (NullSarosSession.java:64) unexpected method call
WARN  2013-12-29 02:45:08,875 (NullSarosSession.java:64) unexpected method call
WARN  2013-12-29 02:45:08,878 (NullSarosSession.java:64) unexpected method call
WARN  2013-12-29 02:45:08,992 (NullSarosSession.java:64) unexpected method call
WARN  2013-12-29 02:45:08,994 (NullSarosSession.java:64) unexpected method call
WARN  2013-12-29 02:45:55,641 (NullSarosSession.java:64) unexpected method call
WARN  2013-12-29 02:45:55,644 (NullSarosSession.java:64) unexpected method call
WARN  2013-12-29 02:46:02,615 (NullSarosSession.java:64) unexpected method call
WARN  2013-12-29 02:46:02,618 (NullSarosSession.java:64) unexpected method call
WARN  2013-12-29 02:46:11,169 (NullSarosSession.java:64) unexpected method call
WARN  2013-12-29 02:46:11,172 (NullSarosSession.java:64) unexpected method call
WARN  2013-12-29 02:46:31,222 (NullSarosSession.java:64) unexpected method call
WARN  2013-12-29 02:46:31,225 (NullSarosSession.java:64) unexpected method call
WARN  2013-12-29 02:46:31,238 (NullSarosSession.java:64) unexpected method call
WARN  2013-12-29 02:46:31,241 (NullSarosSession.java:64) unexpected method call
WARN  2013-12-29 02:47:04,149 (NullSarosSession.java:64) unexpected method call
WARN  2013-12-29 02:47:04,155 (NullSarosSession.java:64) unexpected method call
WARN  2013-12-29 02:47:26,999 (NullSarosSession.java:64) unexpected method call
WARN  2013-12-29 02:47:27,003 (NullSarosSession.java:64) unexpected method call
WARN  2013-12-29 02:47:27,501 (NullSarosSession.java:64) unexpected method call
WARN  2013-12-29 02:47:27,504 (NullSarosSession.java:64) unexpected method call
WARN  2013-12-29 02:50:05,490 (NullSarosSession.java:64) unexpected method call
WARN  2013-12-29 02:50:05,493 (NullSarosSession.java:64) unexpected method call
WARN  2013-12-29 02:51:03,155 (NullSarosSession.java:64) unexpected method call
WARN  2013-12-29 02:51:03,162 (NullSarosSession.java:64) unexpected method call
WARN  2013-12-29 02:51:08,686 (NullSarosSession.java:64) unexpected method call
WARN  2013-12-29 02:51:08,688 (NullSarosSession.java:64) unexpected method call
WARN  2013-12-29 02:51:22,224 (NullSarosSession.java:64) unexpected method call
WARN  2013-12-29 02:51:22,226 (NullSarosSession.java:64) unexpected method call
WARN  2013-12-29 02:51:23,411 (NullSarosSession.java:64) unexpected method call
WARN  2013-12-29 02:51:23,417 (NullSarosSession.java:64) unexpected method call
WARN  2013-12-29 02:51:27,672 (NullSarosSession.java:64) unexpected method call
WARN  2013-12-29 02:51:27,675 (NullSarosSession.java:64) unexpected method call
WARN  2013-12-29 02:53:01,253 (NullSarosSession.java:64) unexpected method call
WARN  2013-12-29 02:53:01,260 (NullSarosSession.java:64) unexpected method call
WARN  2013-12-29 02:53:01,378 (NullSarosSession.java:64) unexpected method call
WARN  2013-12-29 02:53:01,380 (NullSarosSession.java:64) unexpected method call
WARN  2013-12-29 02:53:28,514 (NullSarosSession.java:64) unexpected method call
WARN  2013-12-29 02:53:28,520 (NullSarosSession.java:64) unexpected method call
WARN  2013-12-29 02:53:28,609 (NullSarosSession.java:64) unexpected method call
WARN  2013-12-29 02:53:28,612 (NullSarosSession.java:64) unexpected method call
WARN  2013-12-29 02:53:39,929 (NullSarosSession.java:64) unexpected method call
WARN  2013-12-29 02:53:39,934 (NullSarosSession.java:64) unexpected method call
WARN  2013-12-29 02:53:39,964 (NullSarosSession.java:64) unexpected method call
WARN  2013-12-29 02:53:39,967 (NullSarosSession.java:64) unexpected method call
WARN  2013-12-29 02:53:43,341 (NullSarosSession.java:64) unexpected method call
WARN  2013-12-29 02:53:43,346 (NullSarosSession.java:64) unexpected method call
WARN  2013-12-29 02:53:43,412 (NullSarosSession.java:64) unexpected method call
WARN  2013-12-29 02:53:43,415 (NullSarosSession.java:64) unexpected method call
WARN  2013-12-29 02:54:43,946 (NullSarosSession.java:64) unexpected method call
WARN  2013-12-29 02:54:43,953 (NullSarosSession.java:64) unexpected method call
WARN  2013-12-29 02:54:43,992 (NullSarosSession.java:64) unexpected method call
WARN  2013-12-29 02:54:43,995 (NullSarosSession.java:64) unexpected method call
WARN  2013-12-29 02:54:45,416 (NullSarosSession.java:64) unexpected method call
WARN  2013-12-29 02:54:45,419 (NullSarosSession.java:64) unexpected method call
WARN  2013-12-29 02:54:45,447 (NullSarosSession.java:64) unexpected method call
WARN  2013-12-29 02:54:45,449 (NullSarosSession.java:64) unexpected method call
WARN  2013-12-29 02:54:48,192 (NullSarosSession.java:64) unexpected method call
WARN  2013-12-29 02:54:48,195 (NullSarosSession.java:64) unexpected method call
WARN  2013-12-29 02:54:48,293 (NullSarosSession.java:64) unexpected method call
WARN  2013-12-29 02:54:48,295 (NullSarosSession.java:64) unexpected method call
WARN  2013-12-29 02:54:56,691 (NullSarosSession.java:64) unexpected method call
WARN  2013-12-29 02:54:56,696 (NullSarosSession.java:64) unexpected method call
WARN  2013-12-29 02:54:56,758 (NullSarosSession.java:64) unexpected method call
WARN  2013-12-29 02:54:56,761 (NullSarosSession.java:64) unexpected method call
WARN  2013-12-29 02:54:59,378 (NullSarosSession.java:64) unexpected method call
WARN  2013-12-29 02:54:59,381 (NullSarosSession.java:64) unexpected method call
WARN  2013-12-29 02:54:59,395 (NullSarosSession.java:64) unexpected method call
WARN  2013-12-29 02:54:59,397 (NullSarosSession.java:64) unexpected method call
WARN  2013-12-29 02:58:15,461 (NullSarosSession.java:64) unexpected method call
WARN  2013-12-29 02:58:15,467 (NullSarosSession.java:64) unexpected method call
WARN  2013-12-29 02:58:15,528 (NullSarosSession.java:64) unexpected method call
WARN  2013-12-29 02:58:15,531 (NullSarosSession.java:64) unexpected method call
WARN  2013-12-29 02:59:49,711 (NullSarosSession.java:64) unexpected method call
WARN  2013-12-29 02:59:49,717 (NullSarosSession.java:64) unexpected method call
WARN  2013-12-29 02:59:49,750 (NullSarosSession.java:64) unexpected method call
WARN  2013-12-29 02:59:49,753 (NullSarosSession.java:64) unexpected method call
WARN  2013-12-29 03:01:41,195 (NullSarosSession.java:64) unexpected method call
WARN  2013-12-29 03:01:41,201 (NullSarosSession.java:64) unexpected method call
WARN  2013-12-29 03:01:48,250 (NullSarosSession.java:64) unexpected method call
WARN  2013-12-29 03:01:48,256 (NullSarosSession.java:64) unexpected method call
WARN  2013-12-29 03:01:57,206 (NullSarosSession.java:64) unexpected method call
WARN  2013-12-29 03:01:57,212 (NullSarosSession.java:64) unexpected method call
WARN  2013-12-29 03:02:18,376 (NullSarosSession.java:64) unexpected method call
WARN  2013-12-29 03:02:18,378 (NullSarosSession.java:64) unexpected method call
WARN  2013-12-29 03:02:20,969 (NullSarosSession.java:64) unexpected method call
WARN  2013-12-29 03:02:20,972 (NullSarosSession.java:64) unexpected method call
WARN  2013-12-29 03:02:21,869 (NullSarosSession.java:64) unexpected method call
WARN  2013-12-29 03:02:21,874 (NullSarosSession.java:64) unexpected method call
WARN  2013-12-29 03:02:22,079 (NullSarosSession.java:64) unexpected method call
WARN  2013-12-29 03:02:22,081 (NullSarosSession.java:64) unexpected method call
WARN  2013-12-29 03:02:31,339 (NullSarosSession.java:64) unexpected method call
WARN  2013-12-29 03:02:31,341 (NullSarosSession.java:64) unexpected method call
WARN  2013-12-29 03:02:50,801 (NullSarosSession.java:64) unexpected method call
WARN  2013-12-29 03:02:50,807 (NullSarosSession.java:64) unexpected method call
WARN  2013-12-29 03:02:52,159 (NullSarosSession.java:64) unexpected method call
WARN  2013-12-29 03:02:52,165 (NullSarosSession.java:64) unexpected method call
WARN  2013-12-29 03:03:47,668 (NullSarosSession.java:64) unexpected method call
WARN  2013-12-29 03:03:47,673 (NullSarosSession.java:64) unexpected method call
WARN  2013-12-29 03:03:55,244 (NullSarosSession.java:64) unexpected method call
WARN  2013-12-29 03:03:55,249 (NullSarosSession.java:64) unexpected method call
WARN  2013-12-29 03:05:06,493 (NullSarosSession.java:64) unexpected method call
WARN  2013-12-29 03:05:06,497 (NullSarosSession.java:64) unexpected method call
WARN  2013-12-29 03:05:09,756 (NullSarosSession.java:64) unexpected method call
WARN  2013-12-29 03:05:09,758 (NullSarosSession.java:64) unexpected method call
WARN  2013-12-29 03:08:39,323 (NullSarosSession.java:64) unexpected method call
WARN  2013-12-29 03:08:39,330 (NullSarosSession.java:64) unexpected method call
WARN  2013-12-29 03:08:49,207 (NullSarosSession.java:64) unexpected method call
WARN  2013-12-29 03:08:49,210 (NullSarosSession.java:64) unexpected method call
WARN  2013-12-29 03:15:26,002 (NullSarosSession.java:64) unexpected method call
WARN  2013-12-29 03:15:26,008 (NullSarosSession.java:64) unexpected method call
WARN  2013-12-29 03:15:26,221 (NullSarosSession.java:64) unexpected method call
WARN  2013-12-29 03:15:26,224 (NullSarosSession.java:64) unexpected method call
WARN  2013-12-29 03:15:37,446 (NullSarosSession.java:64) unexpected method call
WARN  2013-12-29 03:15:37,449 (NullSarosSession.java:64) unexpected method call
WARN  2013-12-29 03:15:43,140 (NullSarosSession.java:64) unexpected method call
WARN  2013-12-29 03:15:43,146 (NullSarosSession.java:64) unexpected method call
WARN  2013-12-29 03:16:27,525 (NullSarosSession.java:64) unexpected method call
WARN  2013-12-29 03:16:27,527 (NullSarosSession.java:64) unexpected method call
WARN  2013-12-29 03:16:29,285 (NullSarosSession.java:64) unexpected method call
WARN  2013-12-29 03:16:29,287 (NullSarosSession.java:64) unexpected method call
WARN  2013-12-29 03:16:29,309 (NullSarosSession.java:64) unexpected method call
WARN  2013-12-29 03:16:29,311 (NullSarosSession.java:64) unexpected method call
WARN  2013-12-29 03:16:32,243 (NullSarosSession.java:64) unexpected method call
WARN  2013-12-29 03:16:32,245 (NullSarosSession.java:64) unexpected method call
WARN  2013-12-29 03:16:36,168 (NullSarosSession.java:64) unexpected method call
WARN  2013-12-29 03:16:36,171 (NullSarosSession.java:64) unexpected method call
WARN  2013-12-29 03:16:37,307 (NullSarosSession.java:64) unexpected method call
WARN  2013-12-29 03:16:37,309 (NullSarosSession.java:64) unexpected method call
WARN  2013-12-29 03:16:37,338 (NullSarosSession.java:64) unexpected method call
WARN  2013-12-29 03:16:37,340 (NullSarosSession.java:64) unexpected method call
WARN  2013-12-29 03:16:43,007 (NullSarosSession.java:64) unexpected method call
WARN  2013-12-29 03:16:43,010 (NullSarosSession.java:64) unexpected method call
WARN  2013-12-29 03:16:43,098 (NullSarosSession.java:64) unexpected method call
WARN  2013-12-29 03:16:43,100 (NullSarosSession.java:64) unexpected method call
WARN  2013-12-29 03:16:55,384 (NullSarosSession.java:64) unexpected method call
WARN  2013-12-29 03:16:55,388 (NullSarosSession.java:64) unexpected method call
WARN  2013-12-29 03:16:55,451 (NullSarosSession.java:64) unexpected method call
WARN  2013-12-29 03:16:55,454 (NullSarosSession.java:64) unexpected method call
WARN  2013-12-29 03:17:35,910 (NullSarosSession.java:64) unexpected method call
WARN  2013-12-29 03:17:35,916 (NullSarosSession.java:64) unexpected method call
WARN  2013-12-29 03:17:35,973 (NullSarosSession.java:64) unexpected method call
WARN  2013-12-29 03:17:35,976 (NullSarosSession.java:64) unexpected method call
WARN  2013-12-29 03:17:37,212 (NullSarosSession.java:64) unexpected method call
WARN  2013-12-29 03:17:37,214 (NullSarosSession.java:64) unexpected method call
WARN  2013-12-29 03:17:37,242 (NullSarosSession.java:64) unexpected method call
WARN  2013-12-29 03:17:37,245 (NullSarosSession.java:64) unexpected method call
WARN  2013-12-29 03:17:43,462 (NullSarosSession.java:64) unexpected method call
WARN  2013-12-29 03:17:43,465 (NullSarosSession.java:64) unexpected method call
WARN  2013-12-29 03:17:43,558 (NullSarosSession.java:64) unexpected method call
WARN  2013-12-29 03:17:43,560 (NullSarosSession.java:64) unexpected method call
WARN  2013-12-29 03:17:44,722 (NullSarosSession.java:64) unexpected method call
WARN  2013-12-29 03:17:44,727 (NullSarosSession.java:64) unexpected method call
WARN  2013-12-29 03:17:44,774 (NullSarosSession.java:64) unexpected method call
WARN  2013-12-29 03:17:44,777 (NullSarosSession.java:64) unexpected method call
WARN  2013-12-29 03:17:48,181 (NullSarosSession.java:64) unexpected method call
WARN  2013-12-29 03:17:48,184 (NullSarosSession.java:64) unexpected method call
WARN  2013-12-29 03:17:48,220 (NullSarosSession.java:64) unexpected method call
WARN  2013-12-29 03:17:48,223 (NullSarosSession.java:64) unexpected method call
WARN  2013-12-29 03:17:51,512 (NullSarosSession.java:64) unexpected method call
WARN  2013-12-29 03:17:51,514 (NullSarosSession.java:64) unexpected method call
WARN  2013-12-29 03:17:53,248 (NullSarosSession.java:64) unexpected method call
WARN  2013-12-29 03:17:53,252 (NullSarosSession.java:64) unexpected method call
WARN  2013-12-29 03:17:54,768 (NullSarosSession.java:64) unexpected method call
WARN  2013-12-29 03:17:54,770 (NullSarosSession.java:64) unexpected method call
WARN  2013-12-29 03:18:14,207 (NullSarosSession.java:64) unexpected method call
WARN  2013-12-29 03:18:14,213 (NullSarosSession.java:64) unexpected method call
WARN  2013-12-29 03:18:14,256 (NullSarosSession.java:64) unexpected method call
WARN  2013-12-29 03:18:14,259 (NullSarosSession.java:64) unexpected method call
WARN  2013-12-29 03:18:36,332 (NullSarosSession.java:64) unexpected method call
WARN  2013-12-29 03:18:36,335 (NullSarosSession.java:64) unexpected method call
WARN  2013-12-29 03:18:43,093 (NullSarosSession.java:64) unexpected method call
WARN  2013-12-29 03:18:43,096 (NullSarosSession.java:64) unexpected method call
WARN  2013-12-29 03:19:03,626 (NullSarosSession.java:64) unexpected method call
WARN  2013-12-29 03:19:03,632 (NullSarosSession.java:64) unexpected method call
WARN  2013-12-29 03:19:13,697 (NullSarosSession.java:64) unexpected method call
WARN  2013-12-29 03:19:13,699 (NullSarosSession.java:64) unexpected method call
WARN  2013-12-29 03:20:17,727 (NullSarosSession.java:64) unexpected method call
WARN  2013-12-29 03:20:17,732 (NullSarosSession.java:64) unexpected method call
WARN  2013-12-29 03:20:33,780 (NullSarosSession.java:64) unexpected method call
WARN  2013-12-29 03:20:33,783 (NullSarosSession.java:64) unexpected method call
WARN  2013-12-29 03:20:38,372 (NullSarosSession.java:64) unexpected method call
WARN  2013-12-29 03:20:38,377 (NullSarosSession.java:64) unexpected method call
WARN  2013-12-29 03:20:45,094 (NullSarosSession.java:64) unexpected method call
WARN  2013-12-29 03:20:45,097 (NullSarosSession.java:64) unexpected method call
WARN  2013-12-29 03:20:51,797 (NullSarosSession.java:64) unexpected method call
WARN  2013-12-29 03:20:51,800 (NullSarosSession.java:64) unexpected method call
WARN  2013-12-29 03:20:52,530 (NullSarosSession.java:64) unexpected method call
WARN  2013-12-29 03:20:52,536 (NullSarosSession.java:64) unexpected method call
WARN  2013-12-29 03:20:52,754 (NullSarosSession.java:64) unexpected method call
WARN  2013-12-29 03:20:52,757 (NullSarosSession.java:64) unexpected method call
WARN  2013-12-29 03:21:04,053 (NullSarosSession.java:64) unexpected method call
WARN  2013-12-29 03:21:04,056 (NullSarosSession.java:64) unexpected method call
WARN  2013-12-29 03:21:05,107 (NullSarosSession.java:64) unexpected method call
WARN  2013-12-29 03:21:05,109 (NullSarosSession.java:64) unexpected method call
WARN  2013-12-29 03:21:07,306 (NullSarosSession.java:64) unexpected method call
WARN  2013-12-29 03:21:07,309 (NullSarosSession.java:64) unexpected method call
WARN  2013-12-29 03:21:15,873 (NullSarosSession.java:64) unexpected method call
WARN  2013-12-29 03:21:15,875 (NullSarosSession.java:64) unexpected method call
WARN  2013-12-29 03:21:17,581 (NullSarosSession.java:64) unexpected method call
WARN  2013-12-29 03:21:17,584 (NullSarosSession.java:64) unexpected method call
WARN  2013-12-29 03:22:02,778 (NullSarosSession.java:64) unexpected method call
WARN  2013-12-29 03:22:02,784 (NullSarosSession.java:64) unexpected method call
WARN  2013-12-29 03:22:04,575 (NullSarosSession.java:64) unexpected method call
WARN  2013-12-29 03:22:04,579 (NullSarosSession.java:64) unexpected method call
WARN  2013-12-29 03:22:05,573 (NullSarosSession.java:64) unexpected method call
WARN  2013-12-29 03:22:05,576 (NullSarosSession.java:64) unexpected method call
WARN  2013-12-29 03:22:07,972 (NullSarosSession.java:64) unexpected method call
WARN  2013-12-29 03:22:07,978 (NullSarosSession.java:64) unexpected method call
WARN  2013-12-29 03:22:22,895 (NullSarosSession.java:64) unexpected method call
WARN  2013-12-29 03:22:22,897 (NullSarosSession.java:64) unexpected method call
WARN  2013-12-29 03:22:24,147 (NullSarosSession.java:64) unexpected method call
WARN  2013-12-29 03:22:24,150 (NullSarosSession.java:64) unexpected method call
WARN  2013-12-29 03:23:12,705 (NullSarosSession.java:64) unexpected method call
WARN  2013-12-29 03:23:12,712 (NullSarosSession.java:64) unexpected method call
WARN  2013-12-29 03:23:22,921 (NullSarosSession.java:64) unexpected method call
WARN  2013-12-29 03:23:22,923 (NullSarosSession.java:64) unexpected method call
WARN  2013-12-29 03:23:24,649 (NullSarosSession.java:64) unexpected method call
WARN  2013-12-29 03:23:24,652 (NullSarosSession.java:64) unexpected method call
WARN  2013-12-29 03:23:30,991 (NullSarosSession.java:64) unexpected method call
WARN  2013-12-29 03:23:30,994 (NullSarosSession.java:64) unexpected method call
WARN  2013-12-29 03:23:34,812 (NullSarosSession.java:64) unexpected method call
WARN  2013-12-29 03:23:34,817 (NullSarosSession.java:64) unexpected method call
WARN  2013-12-29 03:23:34,990 (NullSarosSession.java:64) unexpected method call
WARN  2013-12-29 03:23:34,992 (NullSarosSession.java:64) unexpected method call
WARN  2013-12-29 03:23:46,660 (NullSarosSession.java:64) unexpected method call
WARN  2013-12-29 03:23:46,663 (NullSarosSession.java:64) unexpected method call
WARN  2013-12-29 03:23:49,044 (NullSarosSession.java:64) unexpected method call
WARN  2013-12-29 03:23:49,050 (NullSarosSession.java:64) unexpected method call
WARN  2013-12-29 03:23:49,242 (NullSarosSession.java:64) unexpected method call
WARN  2013-12-29 03:23:49,245 (NullSarosSession.java:64) unexpected method call
WARN  2013-12-29 03:25:14,232 (NullSarosSession.java:64) unexpected method call
WARN  2013-12-29 03:25:14,238 (NullSarosSession.java:64) unexpected method call
WARN  2013-12-29 03:25:14,314 (NullSarosSession.java:64) unexpected method call
WARN  2013-12-29 03:25:14,317 (NullSarosSession.java:64) unexpected method call
WARN  2013-12-29 03:25:17,767 (NullSarosSession.java:64) unexpected method call
WARN  2013-12-29 03:25:17,772 (NullSarosSession.java:64) unexpected method call
WARN  2013-12-29 03:25:17,857 (NullSarosSession.java:64) unexpected method call
WARN  2013-12-29 03:25:17,860 (NullSarosSession.java:64) unexpected method call
WARN  2013-12-29 03:25:44,259 (NullSarosSession.java:64) unexpected method call
WARN  2013-12-29 03:25:44,262 (NullSarosSession.java:64) unexpected method call
WARN  2013-12-29 03:25:46,078 (NullSarosSession.java:64) unexpected method call
WARN  2013-12-29 03:25:46,084 (NullSarosSession.java:64) unexpected method call
WARN  2013-12-29 03:25:48,160 (NullSarosSession.java:64) unexpected method call
WARN  2013-12-29 03:25:48,163 (NullSarosSession.java:64) unexpected method call
WARN  2013-12-29 03:26:26,428 (NullSarosSession.java:64) unexpected method call
WARN  2013-12-29 03:26:26,431 (NullSarosSession.java:64) unexpected method call
WARN  2013-12-29 03:26:27,166 (NullSarosSession.java:64) unexpected method call
WARN  2013-12-29 03:26:27,169 (NullSarosSession.java:64) unexpected method call
WARN  2013-12-29 03:26:29,629 (NullSarosSession.java:64) unexpected method call
WARN  2013-12-29 03:26:29,634 (NullSarosSession.java:64) unexpected method call
WARN  2013-12-29 03:26:31,186 (NullSarosSession.java:64) unexpected method call
WARN  2013-12-29 03:26:31,189 (NullSarosSession.java:64) unexpected method call
WARN  2013-12-29 03:26:34,707 (NullSarosSession.java:64) unexpected method call
WARN  2013-12-29 03:26:34,709 (NullSarosSession.java:64) unexpected method call
WARN  2013-12-29 03:27:13,639 (NullSarosSession.java:64) unexpected method call
WARN  2013-12-29 03:27:13,642 (NullSarosSession.java:64) unexpected method call
WARN  2013-12-29 03:27:17,050 (NullSarosSession.java:64) unexpected method call
WARN  2013-12-29 03:27:17,053 (NullSarosSession.java:64) unexpected method call
WARN  2013-12-29 03:27:46,578 (NullSarosSession.java:64) unexpected method call
WARN  2013-12-29 03:27:46,582 (NullSarosSession.java:64) unexpected method call
WARN  2013-12-29 03:27:54,271 (NullSarosSession.java:64) unexpected method call
WARN  2013-12-29 03:27:54,274 (NullSarosSession.java:64) unexpected method call
WARN  2013-12-29 03:27:55,082 (NullSarosSession.java:64) unexpected method call
WARN  2013-12-29 03:27:55,085 (NullSarosSession.java:64) unexpected method call
WARN  2013-12-29 03:28:02,618 (NullSarosSession.java:64) unexpected method call
WARN  2013-12-29 03:28:02,621 (NullSarosSession.java:64) unexpected method call
WARN  2013-12-29 03:28:05,930 (NullSarosSession.java:64) unexpected method call
WARN  2013-12-29 03:28:05,932 (NullSarosSession.java:64) unexpected method call
WARN  2013-12-29 03:28:15,197 (NullSarosSession.java:64) unexpected method call
WARN  2013-12-29 03:28:15,200 (NullSarosSession.java:64) unexpected method call
WARN  2013-12-29 03:28:19,933 (NullSarosSession.java:64) unexpected method call
WARN  2013-12-29 03:28:19,935 (NullSarosSession.java:64) unexpected method call
WARN  2013-12-29 03:28:29,124 (NullSarosSession.java:64) unexpected method call
WARN  2013-12-29 03:28:29,126 (NullSarosSession.java:64) unexpected method call
WARN  2013-12-29 03:28:35,513 (NullSarosSession.java:64) unexpected method call
WARN  2013-12-29 03:28:35,516 (NullSarosSession.java:64) unexpected method call
WARN  2013-12-29 03:28:39,485 (NullSarosSession.java:64) unexpected method call
WARN  2013-12-29 03:28:39,488 (NullSarosSession.java:64) unexpected method call
WARN  2013-12-29 03:28:42,470 (NullSarosSession.java:64) unexpected method call
WARN  2013-12-29 03:28:42,473 (NullSarosSession.java:64) unexpected method call
WARN  2013-12-29 03:28:45,816 (NullSarosSession.java:64) unexpected method call
WARN  2013-12-29 03:28:45,819 (NullSarosSession.java:64) unexpected method call
WARN  2013-12-29 03:28:46,286 (NullSarosSession.java:64) unexpected method call
WARN  2013-12-29 03:28:46,289 (NullSarosSession.java:64) unexpected method call
WARN  2013-12-29 03:28:49,149 (NullSarosSession.java:64) unexpected method call
WARN  2013-12-29 03:28:49,152 (NullSarosSession.java:64) unexpected method call
WARN  2013-12-29 03:28:56,247 (NullSarosSession.java:64) unexpected method call
WARN  2013-12-29 03:28:56,250 (NullSarosSession.java:64) unexpected method call
WARN  2013-12-29 03:28:59,429 (NullSarosSession.java:64) unexpected method call
WARN  2013-12-29 03:28:59,432 (NullSarosSession.java:64) unexpected method call
WARN  2013-12-29 03:29:03,535 (NullSarosSession.java:64) unexpected method call
WARN  2013-12-29 03:29:03,538 (NullSarosSession.java:64) unexpected method call
WARN  2013-12-29 03:29:06,254 (NullSarosSession.java:64) unexpected method call
WARN  2013-12-29 03:29:06,257 (NullSarosSession.java:64) unexpected method call
WARN  2013-12-29 03:29:10,242 (NullSarosSession.java:64) unexpected method call
WARN  2013-12-29 03:29:10,245 (NullSarosSession.java:64) unexpected method call
WARN  2013-12-29 03:29:13,401 (NullSarosSession.java:64) unexpected method call
WARN  2013-12-29 03:29:13,403 (NullSarosSession.java:64) unexpected method call
WARN  2013-12-29 03:29:18,050 (NullSarosSession.java:64) unexpected method call
WARN  2013-12-29 03:29:18,052 (NullSarosSession.java:64) unexpected method call
WARN  2013-12-29 03:29:21,036 (NullSarosSession.java:64) unexpected method call
WARN  2013-12-29 03:29:21,039 (NullSarosSession.java:64) unexpected method call
WARN  2013-12-29 03:29:23,939 (NullSarosSession.java:64) unexpected method call
WARN  2013-12-29 03:29:23,942 (NullSarosSession.java:64) unexpected method call
WARN  2013-12-29 03:29:29,487 (NullSarosSession.java:64) unexpected method call
WARN  2013-12-29 03:29:29,490 (NullSarosSession.java:64) unexpected method call
WARN  2013-12-29 03:29:33,114 (NullSarosSession.java:64) unexpected method call
WARN  2013-12-29 03:29:33,116 (NullSarosSession.java:64) unexpected method call
WARN  2013-12-29 03:29:39,133 (NullSarosSession.java:64) unexpected method call
WARN  2013-12-29 03:29:39,135 (NullSarosSession.java:64) unexpected method call
WARN  2013-12-29 03:30:31,708 (NullSarosSession.java:64) unexpected method call
WARN  2013-12-29 03:30:31,715 (NullSarosSession.java:64) unexpected method call
WARN  2013-12-29 03:30:31,914 (NullSarosSession.java:64) unexpected method call
WARN  2013-12-29 03:30:31,917 (NullSarosSession.java:64) unexpected method call
WARN  2013-12-29 03:30:37,914 (NullSarosSession.java:64) unexpected method call
WARN  2013-12-29 03:30:37,917 (NullSarosSession.java:64) unexpected method call
WARN  2013-12-29 03:31:45,485 (NullSarosSession.java:64) unexpected method call
WARN  2013-12-29 03:31:45,491 (NullSarosSession.java:64) unexpected method call
WARN  2013-12-29 03:31:45,723 (NullSarosSession.java:64) unexpected method call
WARN  2013-12-29 03:31:45,726 (NullSarosSession.java:64) unexpected method call
WARN  2013-12-29 03:31:57,151 (NullSarosSession.java:64) unexpected method call
WARN  2013-12-29 03:31:57,155 (NullSarosSession.java:64) unexpected method call
WARN  2013-12-29 03:34:09,328 (NullSarosSession.java:64) unexpected method call
WARN  2013-12-29 03:34:09,334 (NullSarosSession.java:64) unexpected method call
WARN  2013-12-29 03:34:09,379 (NullSarosSession.java:64) unexpected method call
WARN  2013-12-29 03:34:09,383 (NullSarosSession.java:64) unexpected method call
WARN  2013-12-29 03:34:33,378 (NullSarosSession.java:64) unexpected method call
WARN  2013-12-29 03:34:33,381 (NullSarosSession.java:64) unexpected method call
WARN  2013-12-29 03:35:52,262 (NullSarosSession.java:64) unexpected method call
WARN  2013-12-29 03:35:52,265 (NullSarosSession.java:64) unexpected method call
WARN  2013-12-29 03:36:02,341 (NullSarosSession.java:64) unexpected method call
WARN  2013-12-29 03:36:02,345 (NullSarosSession.java:64) unexpected method call
WARN  2013-12-29 03:36:11,104 (NullSarosSession.java:64) unexpected method call
WARN  2013-12-29 03:36:11,107 (NullSarosSession.java:64) unexpected method call
WARN  2013-12-29 03:36:18,819 (NullSarosSession.java:64) unexpected method call
WARN  2013-12-29 03:36:18,825 (NullSarosSession.java:64) unexpected method call
WARN  2013-12-29 03:36:20,296 (NullSarosSession.java:64) unexpected method call
WARN  2013-12-29 03:36:20,299 (NullSarosSession.java:64) unexpected method call
WARN  2013-12-29 03:36:20,399 (NullSarosSession.java:64) unexpected method call
WARN  2013-12-29 03:36:20,402 (NullSarosSession.java:64) unexpected method call
WARN  2013-12-29 03:36:55,580 (NullSarosSession.java:64) unexpected method call
WARN  2013-12-29 03:36:55,582 (NullSarosSession.java:64) unexpected method call
WARN  2013-12-29 03:36:58,592 (NullSarosSession.java:64) unexpected method call
WARN  2013-12-29 03:36:58,595 (NullSarosSession.java:64) unexpected method call
WARN  2013-12-29 03:37:33,716 (NullSarosSession.java:64) unexpected method call
WARN  2013-12-29 03:37:33,719 (NullSarosSession.java:64) unexpected method call
WARN  2013-12-29 03:39:26,958 (NullSarosSession.java:64) unexpected method call
WARN  2013-12-29 03:39:26,962 (NullSarosSession.java:64) unexpected method call
WARN  2013-12-29 03:42:48,057 (NullSarosSession.java:64) unexpected method call
WARN  2013-12-29 03:42:48,061 (NullSarosSession.java:64) unexpected method call
WARN  2013-12-29 03:44:25,634 (NullSarosSession.java:64) unexpected method call
WARN  2013-12-29 03:44:25,637 (NullSarosSession.java:64) unexpected method call
WARN  2013-12-29 03:46:12,365 (NullSarosSession.java:64) unexpected method call
WARN  2013-12-29 03:46:12,369 (NullSarosSession.java:64) unexpected method call
WARN  2013-12-29 03:46:26,070 (NullSarosSession.java:64) unexpected method call
WARN  2013-12-29 03:46:26,076 (NullSarosSession.java:64) unexpected method call
WARN  2013-12-29 03:46:48,819 (NullSarosSession.java:64) unexpected method call
WARN  2013-12-29 03:46:48,821 (NullSarosSession.java:64) unexpected method call
WARN  2013-12-29 03:46:51,163 (NullSarosSession.java:64) unexpected method call
WARN  2013-12-29 03:46:51,165 (NullSarosSession.java:64) unexpected method call
WARN  2013-12-29 03:46:52,653 (NullSarosSession.java:64) unexpected method call
WARN  2013-12-29 03:46:52,659 (NullSarosSession.java:64) unexpected method call
WARN  2013-12-29 03:47:15,305 (NullSarosSession.java:64) unexpected method call
WARN  2013-12-29 03:47:15,308 (NullSarosSession.java:64) unexpected method call
WARN  2013-12-29 03:47:18,936 (NullSarosSession.java:64) unexpected method call
WARN  2013-12-29 03:47:18,939 (NullSarosSession.java:64) unexpected method call
WARN  2013-12-29 03:47:22,287 (NullSarosSession.java:64) unexpected method call
WARN  2013-12-29 03:47:22,293 (NullSarosSession.java:64) unexpected method call
WARN  2013-12-29 03:47:22,498 (NullSarosSession.java:64) unexpected method call
WARN  2013-12-29 03:47:22,501 (NullSarosSession.java:64) unexpected method call
WARN  2013-12-29 03:47:24,508 (NullSarosSession.java:64) unexpected method call
WARN  2013-12-29 03:47:24,511 (NullSarosSession.java:64) unexpected method call
WARN  2013-12-29 03:47:25,901 (NullSarosSession.java:64) unexpected method call
WARN  2013-12-29 03:47:25,906 (NullSarosSession.java:64) unexpected method call
WARN  2013-12-29 03:47:26,125 (NullSarosSession.java:64) unexpected method call
WARN  2013-12-29 03:47:26,128 (NullSarosSession.java:64) unexpected method call
WARN  2013-12-29 03:47:34,122 (NullSarosSession.java:64) unexpected method call
WARN  2013-12-29 03:47:34,124 (NullSarosSession.java:64) unexpected method call
WARN  2013-12-29 03:47:37,668 (NullSarosSession.java:64) unexpected method call
WARN  2013-12-29 03:47:37,674 (NullSarosSession.java:64) unexpected method call
WARN  2013-12-29 03:47:37,837 (NullSarosSession.java:64) unexpected method call
WARN  2013-12-29 03:47:37,840 (NullSarosSession.java:64) unexpected method call
WARN  2013-12-29 03:48:41,808 (NullSarosSession.java:64) unexpected method call
WARN  2013-12-29 03:48:41,811 (NullSarosSession.java:64) unexpected method call
WARN  2013-12-29 03:48:59,754 (NullSarosSession.java:64) unexpected method call
WARN  2013-12-29 03:48:59,759 (NullSarosSession.java:64) unexpected method call
WARN  2013-12-29 03:48:59,972 (NullSarosSession.java:64) unexpected method call
WARN  2013-12-29 03:48:59,975 (NullSarosSession.java:64) unexpected method call
WARN  2013-12-29 03:49:07,917 (NullSarosSession.java:64) unexpected method call
WARN  2013-12-29 03:49:07,919 (NullSarosSession.java:64) unexpected method call
WARN  2013-12-29 03:49:36,269 (NullSarosSession.java:64) unexpected method call
WARN  2013-12-29 03:49:36,275 (NullSarosSession.java:64) unexpected method call
WARN  2013-12-29 03:49:36,462 (NullSarosSession.java:64) unexpected method call
WARN  2013-12-29 03:49:36,465 (NullSarosSession.java:64) unexpected method call
WARN  2013-12-29 03:49:43,982 (NullSarosSession.java:64) unexpected method call
WARN  2013-12-29 03:49:43,988 (NullSarosSession.java:64) unexpected method call
WARN  2013-12-29 03:50:36,480 (NullSarosSession.java:64) unexpected method call
WARN  2013-12-29 03:50:36,483 (NullSarosSession.java:64) unexpected method call
WARN  2013-12-29 03:51:06,148 (NullSarosSession.java:64) unexpected method call
WARN  2013-12-29 03:51:06,154 (NullSarosSession.java:64) unexpected method call
WARN  2013-12-29 03:51:26,630 (NullSarosSession.java:64) unexpected method call
WARN  2013-12-29 03:51:26,636 (NullSarosSession.java:64) unexpected method call
WARN  2013-12-29 03:51:39,328 (NullSarosSession.java:64) unexpected method call
WARN  2013-12-29 03:51:39,334 (NullSarosSession.java:64) unexpected method call
WARN  2013-12-29 03:51:39,380 (NullSarosSession.java:64) unexpected method call
WARN  2013-12-29 03:51:39,383 (NullSarosSession.java:64) unexpected method call
WARN  2013-12-29 03:51:39,481 (NullSarosSession.java:64) unexpected method call
WARN  2013-12-29 03:51:39,483 (NullSarosSession.java:64) unexpected method call
WARN  2013-12-29 03:52:26,989 (NullSarosSession.java:64) unexpected method call
WARN  2013-12-29 03:52:26,993 (NullSarosSession.java:64) unexpected method call
WARN  2013-12-29 03:52:29,410 (NullSarosSession.java:64) unexpected method call
WARN  2013-12-29 03:52:29,412 (NullSarosSession.java:64) unexpected method call
WARN  2013-12-29 03:52:30,127 (NullSarosSession.java:64) unexpected method call
WARN  2013-12-29 03:52:30,129 (NullSarosSession.java:64) unexpected method call
WARN  2013-12-29 03:53:39,744 (NullSarosSession.java:64) unexpected method call
WARN  2013-12-29 03:53:39,751 (NullSarosSession.java:64) unexpected method call
WARN  2013-12-29 03:53:50,884 (NullSarosSession.java:64) unexpected method call
WARN  2013-12-29 03:53:50,890 (NullSarosSession.java:64) unexpected method call
WARN  2013-12-29 03:55:15,995 (NullSarosSession.java:64) unexpected method call
WARN  2013-12-29 03:55:15,999 (NullSarosSession.java:64) unexpected method call
WARN  2013-12-29 03:56:03,226 (NullSarosSession.java:64) unexpected method call
WARN  2013-12-29 03:56:03,229 (NullSarosSession.java:64) unexpected method call
WARN  2013-12-29 03:56:04,933 (NullSarosSession.java:64) unexpected method call
WARN  2013-12-29 03:56:04,939 (NullSarosSession.java:64) unexpected method call
WARN  2013-12-29 03:57:06,303 (NullSarosSession.java:64) unexpected method call
WARN  2013-12-29 03:57:06,310 (NullSarosSession.java:64) unexpected method call
WARN  2013-12-29 03:57:07,459 (NullSarosSession.java:64) unexpected method call
WARN  2013-12-29 03:57:07,462 (NullSarosSession.java:64) unexpected method call
WARN  2013-12-29 03:58:12,018 (NullSarosSession.java:64) unexpected method call
WARN  2013-12-29 03:58:12,021 (NullSarosSession.java:64) unexpected method call
WARN  2013-12-29 04:02:10,808 (NullSarosSession.java:64) unexpected method call
WARN  2013-12-29 04:02:10,811 (NullSarosSession.java:64) unexpected method call
WARN  2013-12-29 04:02:10,819 (NullSarosSession.java:64) unexpected method call
WARN  2013-12-29 04:02:10,821 (NullSarosSession.java:64) unexpected method call
WARN  2013-12-29 04:02:10,856 (NullSarosSession.java:64) unexpected method call
WARN  2013-12-29 04:02:10,858 (NullSarosSession.java:64) unexpected method call
WARN  2013-12-29 04:02:10,874 (NullSarosSession.java:64) unexpected method call
WARN  2013-12-29 04:02:10,876 (NullSarosSession.java:64) unexpected method call
WARN  2013-12-29 04:02:11,070 (NullSarosSession.java:64) unexpected method call
WARN  2013-12-29 04:02:11,073 (NullSarosSession.java:64) unexpected method call
WARN  2013-12-29 04:02:11,081 (NullSarosSession.java:64) unexpected method call
WARN  2013-12-29 04:02:11,083 (NullSarosSession.java:64) unexpected method call
DEBUG 2013-12-29 04:02:11,261 (SarosNet.java:383) argixx@saros-con.imp.fu-berlin.de/Saros new connection state == DISCONNECTING
ERROR 2013-12-29 04:02:11,262 (SarosNet.java:392) internal error in listener: de.fu_berlin.inf.dpp.communication.chat.single.SingleUserChatService$1@5c173da7
java.lang.NullPointerException
	at de.fu_berlin.inf.dpp.ui.util.SWTUtils.runSafeSWTAsync(SWTUtils.java:144)
	at de.fu_berlin.inf.dpp.ui.widgets.chat.ChatControl$5.disconnected(ChatControl.java:278)
	at de.fu_berlin.inf.dpp.communication.chat.AbstractChat.notifyJIDDisconnected(AbstractChat.java:72)
	at de.fu_berlin.inf.dpp.communication.chat.single.SingleUserChat.setConnected(SingleUserChat.java:129)
	at de.fu_berlin.inf.dpp.communication.chat.single.SingleUserChatService$1.connectionStateChanged(SingleUserChatService.java:60)
	at de.fu_berlin.inf.dpp.net.SarosNet.setConnectionState(SarosNet.java:390)
	at de.fu_berlin.inf.dpp.net.SarosNet.disconnect(SarosNet.java:289)
	at de.fu_berlin.inf.dpp.Saros$1.run(Saros.java:334)
	at de.fu_berlin.inf.dpp.util.Utils$2.run(Utils.java:175)
	at java.lang.Thread.run(Unknown Source)
WARN  2013-12-29 04:02:11,266 (SWTUtils.java:144) could not execute runnable de.fu_berlin.inf.dpp.ui.widgets.ConnectionStateComposite$1$1@6112ea89, UI thread is not available
StackTrace:
	at de.fu_berlin.inf.dpp.ui.util.SWTUtils.runSafeSWTAsync(SWTUtils.java:145)
	at de.fu_berlin.inf.dpp.ui.widgets.ConnectionStateComposite$1.connectionStateChanged(ConnectionStateComposite.java:55)
	at de.fu_berlin.inf.dpp.net.SarosNet.setConnectionState(SarosNet.java:390)
	at de.fu_berlin.inf.dpp.net.SarosNet.disconnect(SarosNet.java:289)
	at de.fu_berlin.inf.dpp.Saros$1.run(Saros.java:334)
	at de.fu_berlin.inf.dpp.util.Utils$2.run(Utils.java:175)
	at java.lang.Thread.run(Unknown Source)
DEBUG 2013-12-29 04:02:11,419 (SarosNet.java:383)  new connection state == NOT_CONNECTED
WARN  2013-12-29 04:02:11,420 (SWTUtils.java:144) could not execute runnable de.fu_berlin.inf.dpp.ui.widgets.ConnectionStateComposite$1$1@647cfa1a, UI thread is not available
StackTrace:
	at de.fu_berlin.inf.dpp.ui.util.SWTUtils.runSafeSWTAsync(SWTUtils.java:145)
	at de.fu_berlin.inf.dpp.ui.widgets.ConnectionStateComposite$1.connectionStateChanged(ConnectionStateComposite.java:55)
	at de.fu_berlin.inf.dpp.net.SarosNet.setConnectionState(SarosNet.java:390)
	at de.fu_berlin.inf.dpp.net.SarosNet.disconnect(SarosNet.java:293)
	at de.fu_berlin.inf.dpp.Saros$1.run(Saros.java:334)
	at de.fu_berlin.inf.dpp.util.Utils$2.run(Utils.java:175)
	at java.lang.Thread.run(Unknown Source)
DEBUG 2013-12-29 04:02:11,423 (UPnPServiceImpl.java:295) deleting existing port mappings
