2013-12-28 15:54:24 [SERVER] [INFO] Starting integrated minecraft server version 1.6.4
2013-12-28 15:54:24 [SERVER] [INFO] Generating keypair
2013-12-28 15:54:24 [SERVER] [INFO] Converting map!
2013-12-28 15:54:24 [SERVER] [INFO] Scanning folders...
2013-12-28 15:54:24 [SERVER] [INFO] Total conversion count is 0
2013-12-28 15:54:24 [SERVER] [INFO] Preparing start region for level 0
2013-12-28 15:54:25 [SERVER] [INFO] Preparing spawn area: 10%
2013-12-28 15:54:26 [SERVER] [INFO] Preparing spawn area: 27%
2013-12-28 15:54:27 [SERVER] [INFO] Preparing spawn area: 46%
2013-12-28 15:54:28 [SERVER] [INFO] Preparing spawn area: 62%
2013-12-28 15:54:29 [SERVER] [INFO] Preparing spawn area: 76%
2013-12-28 15:54:30 [SERVER] [INFO] Preparing spawn area: 97%
2013-12-28 15:54:31 [SERVER] [INFO] Player354[/127.0.0.1:0] logged in with entity id 250 at (228.5, 70.0, 255.5)
2013-12-28 15:54:31 [SERVER] [INFO] Player354 joined the game
2013-12-28 15:54:34 [SERVER] [INFO] Saving and pausing game...
2013-12-28 15:54:34 [SERVER] [INFO] Saving chunks for level 'New World'/Overworld
2013-12-28 15:54:40 [SERVER] [INFO] Saving chunks for level 'New World'/Nether
2013-12-28 15:54:40 [SERVER] [INFO] Saving chunks for level 'New World'/The End
2013-12-28 15:54:40 [SERVER] [WARNING] Can't keep up! Did the system time change, or is the server overloaded?
2013-12-28 15:54:49 [SERVER] [INFO] Saving and pausing game...
2013-12-28 15:54:49 [SERVER] [INFO] Saving chunks for level 'New World'/Overworld
2013-12-28 15:54:49 [SERVER] [INFO] Saving chunks for level 'New World'/Nether
2013-12-28 15:54:49 [SERVER] [INFO] Saving chunks for level 'New World'/The End
2013-12-28 15:54:50 [SERVER] [INFO] Stopping server
2013-12-28 15:54:50 [SERVER] [INFO] Saving players
2013-12-28 15:54:50 [SERVER] [INFO] Player354 left the game
2013-12-28 15:54:50 [SERVER] [INFO] Saving worlds
2013-12-28 15:54:50 [SERVER] [INFO] Saving chunks for level 'New World'/Overworld
2013-12-28 15:54:50 [SERVER] [INFO] Saving chunks for level 'New World'/Nether
2013-12-28 15:54:50 [SERVER] [INFO] Saving chunks for level 'New World'/The End
2013-12-28 15:55:37 [SERVER] [INFO] Starting integrated minecraft server version 1.6.4
2013-12-28 15:55:37 [SERVER] [INFO] Generating keypair
2013-12-28 15:55:37 [SERVER] [INFO] Preparing start region for level 0
2013-12-28 15:55:38 [SERVER] [INFO] Preparing spawn area: 80%
2013-12-28 15:55:39 [SERVER] [INFO] Player745[/127.0.0.1:0] logged in with entity id 681 at (223.54562752404067, 71.0, 260.7238536265087)
2013-12-28 15:55:39 [SERVER] [INFO] Player745 joined the game
2013-12-28 15:55:43 [SERVER] [INFO] Saving and pausing game...
2013-12-28 15:55:43 [SERVER] [INFO] Saving chunks for level 'New World'/Overworld
2013-12-28 15:55:44 [SERVER] [INFO] Saving chunks for level 'New World'/Nether
2013-12-28 15:55:44 [SERVER] [INFO] Saving chunks for level 'New World'/The End
2013-12-28 15:55:44 [SERVER] [INFO] Stopping server
2013-12-28 15:55:44 [SERVER] [INFO] Saving players
2013-12-28 15:55:44 [SERVER] [INFO] Player745 left the game
2013-12-28 15:55:45 [SERVER] [INFO] Saving worlds
2013-12-28 15:55:45 [SERVER] [INFO] Saving chunks for level 'New World'/Overworld
2013-12-28 15:55:45 [SERVER] [INFO] Saving chunks for level 'New World'/Nether
2013-12-28 15:55:45 [SERVER] [INFO] Saving chunks for level 'New World'/The End
2013-12-28 16:15:44 [SERVER] [INFO] Starting integrated minecraft server version 1.6.4
2013-12-28 16:15:44 [SERVER] [INFO] Generating keypair
2013-12-28 16:15:44 [SERVER] [INFO] Preparing start region for level 0
2013-12-28 16:15:45 [SERVER] [INFO] Preparing spawn area: 90%
2013-12-28 16:15:45 [SERVER] [INFO] Player686[/127.0.0.1:0] logged in with entity id 676 at (223.54562752404067, 71.0, 260.7238536265087)
2013-12-28 16:15:45 [SERVER] [INFO] Player686 joined the game
2013-12-28 16:17:28 [SERVER] [INFO] Saving and pausing game...
2013-12-28 16:17:28 [SERVER] [INFO] Saving chunks for level 'New World'/Overworld
2013-12-28 16:17:28 [SERVER] [INFO] Saving chunks for level 'New World'/Nether
2013-12-28 16:17:28 [SERVER] [INFO] Saving chunks for level 'New World'/The End
2013-12-28 16:17:32 [SERVER] [INFO] Stopping server
2013-12-28 16:17:32 [SERVER] [INFO] Saving players
2013-12-28 16:17:32 [SERVER] [INFO] Player686 left the game
2013-12-28 16:17:32 [SERVER] [INFO] Saving worlds
2013-12-28 16:17:32 [SERVER] [INFO] Saving chunks for level 'New World'/Overworld
2013-12-28 16:17:32 [SERVER] [INFO] Saving chunks for level 'New World'/Nether
2013-12-28 16:17:32 [SERVER] [INFO] Saving chunks for level 'New World'/The End
2013-12-28 16:46:54 [SERVER] [INFO] Starting integrated minecraft server version 1.6.4
2013-12-28 16:46:54 [SERVER] [INFO] Generating keypair
2013-12-28 16:46:54 [SERVER] [INFO] Converting map!
2013-12-28 16:46:54 [SERVER] [INFO] Scanning folders...
2013-12-28 16:46:54 [SERVER] [INFO] Total conversion count is 0
2013-12-28 16:46:54 [SERVER] [INFO] Preparing start region for level 0
2013-12-28 16:46:55 [SERVER] [INFO] Preparing spawn area: 8%
2013-12-28 16:46:56 [SERVER] [INFO] Preparing spawn area: 20%
2013-12-28 16:46:57 [SERVER] [INFO] Preparing spawn area: 35%
2013-12-28 16:46:58 [SERVER] [INFO] Preparing spawn area: 50%
2013-12-28 16:46:59 [SERVER] [INFO] Preparing spawn area: 64%
2013-12-28 16:47:00 [SERVER] [INFO] Preparing spawn area: 82%
2013-12-28 16:47:02 [SERVER] [INFO] Player652[/127.0.0.1:0] logged in with entity id 193 at (208.5, 70.0, 243.5)
2013-12-28 16:47:02 [SERVER] [INFO] Player652 joined the game
2013-12-28 16:47:23 [SERVER] [INFO] Stopping server
2013-12-28 16:47:23 [SERVER] [INFO] Saving players
2013-12-28 16:47:23 [SERVER] [INFO] Player652 left the game
2013-12-28 16:47:23 [SERVER] [INFO] Saving worlds
2013-12-28 16:47:23 [SERVER] [INFO] Saving chunks for level 'New World'/Overworld
2013-12-28 16:47:23 [SERVER] [INFO] Saving chunks for level 'New World'/Nether
2013-12-28 16:47:23 [SERVER] [INFO] Saving chunks for level 'New World'/The End
2013-12-28 16:47:23 [SERVER] [INFO] Stopping server
2013-12-28 16:47:39 [SERVER] [INFO] Starting integrated minecraft server version 1.6.4
2013-12-28 16:47:39 [SERVER] [INFO] Generating keypair
2013-12-28 16:47:39 [SERVER] [INFO] Preparing start region for level 0
2013-12-28 16:47:40 [SERVER] [INFO] Preparing spawn area: 11%
2013-12-28 16:47:41 [SERVER] [INFO] Preparing spawn area: 21%
2013-12-28 16:47:42 [SERVER] [INFO] Preparing spawn area: 38%
2013-12-28 16:47:43 [SERVER] [INFO] Preparing spawn area: 56%
2013-12-28 16:47:44 [SERVER] [INFO] Preparing spawn area: 71%
2013-12-28 16:47:45 [SERVER] [INFO] Preparing spawn area: 92%
2013-12-28 16:47:45 [SERVER] [INFO] Player9[/127.0.0.1:0] logged in with entity id 206 at (212.68870929133115, 73.0, 234.4599294607001)
2013-12-28 16:47:45 [SERVER] [INFO] Player9 joined the game
2013-12-28 16:47:53 [SERVER] [INFO] Stopping server
2013-12-28 16:47:53 [SERVER] [INFO] Saving players
2013-12-28 16:47:53 [SERVER] [INFO] Player9 left the game
2013-12-28 16:47:53 [SERVER] [INFO] Saving worlds
2013-12-28 16:47:53 [SERVER] [INFO] Saving chunks for level 'New World'/Overworld
2013-12-28 16:47:53 [SERVER] [INFO] Stopping server
2013-12-28 16:51:57 [SERVER] [INFO] Starting integrated minecraft server version 1.6.4
2013-12-28 16:51:57 [SERVER] [INFO] Generating keypair
2013-12-28 16:51:57 [SERVER] [INFO] Preparing start region for level 0
2013-12-28 16:51:58 [SERVER] [INFO] Preparing spawn area: 73%
2013-12-28 16:51:59 [SERVER] [INFO] Player223[/127.0.0.1:0] logged in with entity id 421 at (212.68870929133115, 73.0, 234.4599294607001)
2013-12-28 16:51:59 [SERVER] [INFO] Player223 joined the game
2013-12-28 16:52:59 [SERVER] [INFO] Saving and pausing game...
2013-12-28 16:52:59 [SERVER] [INFO] Saving chunks for level 'New World'/Overworld
2013-12-28 16:52:59 [SERVER] [INFO] Saving chunks for level 'New World'/Nether
2013-12-28 16:52:59 [SERVER] [INFO] Saving chunks for level 'New World'/The End
2013-12-28 16:53:00 [SERVER] [INFO] Stopping server
2013-12-28 16:53:00 [SERVER] [INFO] Saving players
2013-12-28 16:53:00 [SERVER] [INFO] Player223 left the game
2013-12-28 16:53:00 [SERVER] [INFO] Saving worlds
2013-12-28 16:53:00 [SERVER] [INFO] Saving chunks for level 'New World'/Overworld
2013-12-28 16:53:00 [SERVER] [INFO] Saving chunks for level 'New World'/Nether
2013-12-28 16:53:00 [SERVER] [INFO] Saving chunks for level 'New World'/The End
2013-12-28 16:53:00 [SERVER] [INFO] Stopping server
2013-12-28 16:53:45 [SERVER] [INFO] Starting integrated minecraft server version 1.6.4
2013-12-28 16:53:45 [SERVER] [INFO] Generating keypair
2013-12-28 16:53:46 [SERVER] [INFO] Preparing start region for level 0
2013-12-28 16:53:47 [SERVER] [INFO] Player66[/127.0.0.1:0] logged in with entity id 342 at (203.11768170040006, 71.0, 242.92780494185567)
2013-12-28 16:53:47 [SERVER] [INFO] Player66 joined the game
2013-12-28 16:55:53 [SERVER] [INFO] Saving and pausing game...
2013-12-28 16:55:53 [SERVER] [INFO] Saving chunks for level 'New World'/Overworld
2013-12-28 16:55:53 [SERVER] [INFO] Saving chunks for level 'New World'/Nether
2013-12-28 16:55:53 [SERVER] [INFO] Saving chunks for level 'New World'/The End
2013-12-28 16:55:54 [SERVER] [INFO] Stopping server
2013-12-28 16:55:54 [SERVER] [INFO] Saving players
2013-12-28 16:55:54 [SERVER] [INFO] Player66 left the game
2013-12-28 16:55:54 [SERVER] [INFO] Saving worlds
2013-12-28 16:55:54 [SERVER] [INFO] Saving chunks for level 'New World'/Overworld
2013-12-28 16:55:54 [SERVER] [INFO] Saving chunks for level 'New World'/Nether
2013-12-28 16:55:54 [SERVER] [INFO] Saving chunks for level 'New World'/The End
2013-12-28 16:55:55 [SERVER] [INFO] Stopping server
2013-12-28 17:08:52 [SERVER] [INFO] Starting integrated minecraft server version 1.6.4
2013-12-28 17:08:52 [SERVER] [INFO] Generating keypair
2013-12-28 17:08:52 [SERVER] [INFO] Converting map!
2013-12-28 17:08:52 [SERVER] [INFO] Scanning folders...
2013-12-28 17:08:52 [SERVER] [INFO] Total conversion count is 0
2013-12-28 17:08:53 [SERVER] [INFO] Preparing start region for level 0
2013-12-28 17:08:54 [SERVER] [INFO] Preparing spawn area: 7%
2013-12-28 17:08:55 [SERVER] [INFO] Preparing spawn area: 16%
2013-12-28 17:08:56 [SERVER] [INFO] Preparing spawn area: 33%
2013-12-28 17:08:57 [SERVER] [INFO] Preparing spawn area: 49%
2013-12-28 17:08:58 [SERVER] [INFO] Preparing spawn area: 64%
2013-12-28 17:08:59 [SERVER] [INFO] Preparing spawn area: 82%
2013-12-28 17:09:00 [SERVER] [INFO] Preparing spawn area: 98%
2013-12-28 17:09:00 [SERVER] [INFO] Player497[/127.0.0.1:0] logged in with entity id 385 at (-179.5, 65.0, 241.5)
2013-12-28 17:09:00 [SERVER] [INFO] Player497 joined the game
2013-12-28 17:10:26 [SERVER] [INFO] Saving and pausing game...
2013-12-28 17:10:26 [SERVER] [INFO] Saving chunks for level 'New World'/Overworld
2013-12-28 17:10:26 [SERVER] [INFO] Saving chunks for level 'New World'/Nether
2013-12-28 17:10:26 [SERVER] [INFO] Saving chunks for level 'New World'/The End
2013-12-28 17:10:27 [SERVER] [INFO] Stopping server
2013-12-28 17:10:27 [SERVER] [INFO] Saving players
2013-12-28 17:10:27 [SERVER] [INFO] Player497 left the game
2013-12-28 17:10:27 [SERVER] [INFO] Saving worlds
2013-12-28 17:10:27 [SERVER] [INFO] Saving chunks for level 'New World'/Overworld
2013-12-28 17:10:27 [SERVER] [INFO] Saving chunks for level 'New World'/Nether
2013-12-28 17:10:27 [SERVER] [INFO] Saving chunks for level 'New World'/The End
2013-12-28 17:10:27 [SERVER] [INFO] Stopping server
2013-12-28 17:23:43 [SERVER] [INFO] Starting integrated minecraft server version 1.6.4
2013-12-28 17:23:43 [SERVER] [INFO] Generating keypair
2013-12-28 17:23:43 [SERVER] [INFO] Converting map!
2013-12-28 17:23:43 [SERVER] [INFO] Scanning folders...
2013-12-28 17:23:43 [SERVER] [INFO] Total conversion count is 0
2013-12-28 17:23:43 [SERVER] [INFO] Preparing start region for level 0
2013-12-28 17:23:44 [SERVER] [INFO] Preparing spawn area: 7%
2013-12-28 17:23:45 [SERVER] [INFO] Preparing spawn area: 13%
2013-12-28 17:23:47 [SERVER] [INFO] Preparing spawn area: 27%
2013-12-28 17:23:48 [SERVER] [INFO] Preparing spawn area: 44%
2013-12-28 17:23:49 [SERVER] [INFO] Preparing spawn area: 64%
2013-12-28 17:23:50 [SERVER] [INFO] Preparing spawn area: 82%
2013-12-28 17:23:51 [SERVER] [INFO] Preparing spawn area: 99%
2013-12-28 17:23:51 [SERVER] [INFO] Player296[/127.0.0.1:0] logged in with entity id 216 at (184.5, 64.0, 264.5)
2013-12-28 17:23:51 [SERVER] [INFO] Player296 joined the game
2013-12-28 17:23:53 [SERVER] [INFO] Saving and pausing game...
2013-12-28 17:23:53 [SERVER] [INFO] Saving chunks for level 'New World'/Overworld
2013-12-28 17:24:01 [SERVER] [INFO] Saving chunks for level 'New World'/Nether
2013-12-28 17:24:01 [SERVER] [INFO] Saving chunks for level 'New World'/The End
2013-12-28 17:24:01 [SERVER] [WARNING] Can't keep up! Did the system time change, or is the server overloaded?
2013-12-28 17:24:31 [SERVER] [INFO] Stopping server
2013-12-28 17:24:31 [SERVER] [INFO] Saving players
2013-12-28 17:24:31 [SERVER] [INFO] Player296 left the game
2013-12-28 17:24:31 [SERVER] [INFO] Saving worlds
2013-12-28 17:24:31 [SERVER] [INFO] Saving chunks for level 'New World'/Overworld
2013-12-28 17:24:31 [SERVER] [INFO] Saving chunks for level 'New World'/Nether
2013-12-28 17:24:31 [SERVER] [INFO] Saving chunks for level 'New World'/The End
2013-12-28 17:25:46 [SERVER] [INFO] Starting integrated minecraft server version 1.6.4
2013-12-28 17:25:46 [SERVER] [INFO] Generating keypair
2013-12-28 17:25:47 [SERVER] [INFO] Preparing start region for level 0
2013-12-28 17:25:48 [SERVER] [INFO] Preparing spawn area: 67%
2013-12-28 17:25:49 [SERVER] [INFO] Player733[/127.0.0.1:0] logged in with entity id 305 at (184.5, 64.0, 264.5)
2013-12-28 17:25:49 [SERVER] [INFO] Player733 joined the game
